"../../../Engine/Content/Animation/DefaultAnimBoneCompressionSettings.uasset" 0
"../../../Engine/Content/Animation/DefaultAnimBoneCompressionSettings.uexp" 1
"../../../Engine/Content/Animation/DefaultAnimCurveCompressionSettings.uasset" 2
"../../../Engine/Content/Animation/DefaultAnimCurveCompressionSettings.uexp" 3
"../../../Engine/Content/EngineMaterials/T_Default_Material_Grid_N.uasset" 4
"../../../Engine/Content/EngineMaterials/T_Default_Material_Grid_N.uexp" 5
"../../../Engine/Content/EngineMaterials/T_Default_Material_Grid_N.ubulk" 6
"../../../Engine/Content/EngineMaterials/T_Default_Material_Grid_M.uasset" 7
"../../../Engine/Content/EngineMaterials/T_Default_Material_Grid_M.uexp" 8
"../../../Engine/Content/EngineMaterials/T_Default_Material_Grid_M.ubulk" 9
"../../../Engine/Content/Functions/Engine_MaterialFunctions01/Opacity/CameraDepthFade.uasset" 10
"../../../Engine/Content/Functions/Engine_MaterialFunctions01/Opacity/CameraDepthFade.uexp" 11
"../../../Engine/Content/EngineMaterials/WorldGridMaterial.uasset" 12
"../../../Engine/Content/EngineMaterials/WorldGridMaterial.uexp" 13
"../../../Engine/Content/ArtTools/RenderToTexture/Meshes/S_1_Unit_Plane.uasset" 14
"../../../Engine/Content/ArtTools/RenderToTexture/Meshes/S_1_Unit_Plane.uexp" 15
"../../../Engine/Content/EngineMaterials/DefaultMaterial.uasset" 16
"../../../Engine/Content/EngineMaterials/DefaultMaterial.uexp" 17
"../../../Engine/Content/BasicShapes/Cone.uasset" 18
"../../../Engine/Content/BasicShapes/Cone.uexp" 19
"../../../Engine/Content/BasicShapes/Cube.uasset" 20
"../../../Engine/Content/BasicShapes/Cube.uexp" 21
"../../../Engine/Content/BasicShapes/Plane.uasset" 22
"../../../Engine/Content/BasicShapes/Plane.uexp" 23
"../../../Engine/Content/BasicShapes/Sphere.uasset" 24
"../../../Engine/Content/BasicShapes/Sphere.uexp" 25
"../../../Engine/Content/EngineMaterials/DefaultPhysicalMaterial.uasset" 26
"../../../Engine/Content/EngineMaterials/DefaultPhysicalMaterial.uexp" 27
"../../../Engine/Content/BufferVisualization/AmbientOcclusion.uasset" 28
"../../../Engine/Content/BufferVisualization/AmbientOcclusion.uexp" 29
"../../../Engine/Content/Functions/Engine_MaterialFunctions02/Utility/AppendMany.uasset" 30
"../../../Engine/Content/Functions/Engine_MaterialFunctions02/Utility/AppendMany.uexp" 31
"../../../Engine/Content/BufferVisualization/Anisotropy.uasset" 32
"../../../Engine/Content/BufferVisualization/Anisotropy.uexp" 33
"../../../Engine/Content/BufferVisualization/BaseColor.uasset" 34
"../../../Engine/Content/BufferVisualization/BaseColor.uexp" 35
"../../../Engine/Content/BufferVisualization/CustomDepth.uasset" 36
"../../../Engine/Content/BufferVisualization/CustomDepth.uexp" 37
"../../../Engine/Content/Functions/Engine_MaterialFunctions02/Utility/VectorLength.uasset" 38
"../../../Engine/Content/Functions/Engine_MaterialFunctions02/Utility/VectorLength.uexp" 39
"../../../Engine/Content/BufferVisualization/CustomDepthWorldUnits.uasset" 40
"../../../Engine/Content/BufferVisualization/CustomDepthWorldUnits.uexp" 41
"../../../Engine/Content/EngineMaterials/MiniFont.uasset" 42
"../../../Engine/Content/EngineMaterials/MiniFont.uexp" 43
"../../../Engine/Content/Functions/Engine_MaterialFunctions02/Utility/MakeFloat3.uasset" 44
"../../../Engine/Content/Functions/Engine_MaterialFunctions02/Utility/MakeFloat3.uexp" 45
"../../../Engine/Content/Functions/Engine_MaterialFunctions02/Utility/MakeFloat2.uasset" 46
"../../../Engine/Content/Functions/Engine_MaterialFunctions02/Utility/MakeFloat2.uexp" 47
"../../../Engine/Content/Functions/Engine_MaterialFunctions02/ScreenResolution.uasset" 48
"../../../Engine/Content/Functions/Engine_MaterialFunctions02/ScreenResolution.uexp" 49
"../../../Engine/Content/Functions/Engine_MaterialFunctions02/Utility/BreakOutFloat2Components.uasset" 50
"../../../Engine/Content/Functions/Engine_MaterialFunctions02/Utility/BreakOutFloat2Components.uexp" 51
"../../../Engine/Content/Functions/Engine_MaterialFunctions01/Texturing/ScaleUVsByCenter.uasset" 52
"../../../Engine/Content/Functions/Engine_MaterialFunctions01/Texturing/ScaleUVsByCenter.uexp" 53
"../../../Engine/Content/Functions/Engine_MaterialFunctions02/Texturing/ScreenAlignedUVs.uasset" 54
"../../../Engine/Content/Functions/Engine_MaterialFunctions02/Texturing/ScreenAlignedUVs.uexp" 55
"../../../Engine/Content/BufferVisualization/CustomStencil.uasset" 56
"../../../Engine/Content/BufferVisualization/CustomStencil.uexp" 57
"../../../Engine/Content/BufferVisualization/FinalImage.uasset" 58
"../../../Engine/Content/BufferVisualization/FinalImage.uexp" 59
"../../../Engine/Content/BufferVisualization/LightingModel.uasset" 60
"../../../Engine/Content/BufferVisualization/LightingModel.uexp" 61
"../../../Engine/Content/BufferVisualization/MaterialAO.uasset" 62
"../../../Engine/Content/BufferVisualization/MaterialAO.uexp" 63
"../../../Engine/Content/BufferVisualization/Metallic.uasset" 64
"../../../Engine/Content/BufferVisualization/Metallic.uexp" 65
"../../../Engine/Content/BufferVisualization/Opacity.uasset" 66
"../../../Engine/Content/BufferVisualization/Opacity.uexp" 67
"../../../Engine/Content/BufferVisualization/PostTonemapHDRColor.uasset" 68
"../../../Engine/Content/BufferVisualization/PostTonemapHDRColor.uexp" 69
"../../../Engine/Content/BufferVisualization/PreTonemapHDRColor.uasset" 70
"../../../Engine/Content/BufferVisualization/PreTonemapHDRColor.uexp" 71
"../../../Engine/Content/BufferVisualization/Roughness.uasset" 72
"../../../Engine/Content/BufferVisualization/Roughness.uexp" 73
"../../../Engine/Content/BufferVisualization/SceneColor.uasset" 74
"../../../Engine/Content/BufferVisualization/SceneColor.uexp" 75
"../../../Engine/Content/BufferVisualization/SceneDepth.uasset" 76
"../../../Engine/Content/BufferVisualization/SceneDepth.uexp" 77
"../../../Engine/Content/BufferVisualization/SceneDepthWorldUnits.uasset" 78
"../../../Engine/Content/BufferVisualization/SceneDepthWorldUnits.uexp" 79
"../../../Engine/Content/BufferVisualization/SeparateTranslucencyA.uasset" 80
"../../../Engine/Content/BufferVisualization/SeparateTranslucencyA.uexp" 81
"../../../Engine/Content/BufferVisualization/SeparateTranslucencyRGB.uasset" 82
"../../../Engine/Content/BufferVisualization/SeparateTranslucencyRGB.uexp" 83
"../../../Engine/Content/BufferVisualization/Specular.uasset" 84
"../../../Engine/Content/BufferVisualization/Specular.uexp" 85
"../../../Engine/Content/BufferVisualization/SubsurfaceColor.uasset" 86
"../../../Engine/Content/BufferVisualization/SubsurfaceColor.uexp" 87
"../../../Engine/Content/BufferVisualization/Velocity.uasset" 88
"../../../Engine/Content/BufferVisualization/Velocity.uexp" 89
"../../../Engine/Content/BufferVisualization/WorldNormal.uasset" 90
"../../../Engine/Content/BufferVisualization/WorldNormal.uexp" 91
"../../../Engine/Content/BufferVisualization/WorldTangent.uasset" 92
"../../../Engine/Content/BufferVisualization/WorldTangent.uexp" 93
"../../../Engine/Content/EditorLandscapeResources/DataLayer.uasset" 94
"../../../Engine/Content/EditorLandscapeResources/DataLayer.uexp" 95
"../../../Engine/Content/EditorLandscapeResources/DefaultAlphaTexture.uasset" 96
"../../../Engine/Content/EditorLandscapeResources/DefaultAlphaTexture.uexp" 97
"../../../Engine/Content/EditorLandscapeResources/LandscapeGizmoHeight_Mat.uasset" 98
"../../../Engine/Content/EditorLandscapeResources/LandscapeGizmoHeight_Mat.uexp" 99
"../../../Engine/Content/EditorLandscapeResources/LandscapeGizmo_Mat.uasset" 100
"../../../Engine/Content/EditorLandscapeResources/LandscapeGizmo_Mat.uexp" 101
"../../../Engine/Content/EditorLandscapeResources/LandscapeGizmo_Mat_Copied.uasset" 102
"../../../Engine/Content/EditorLandscapeResources/LandscapeGizmo_Mat_Copied.uexp" 103
"../../../Engine/Content/EditorLandscapeResources/SplineEditorMeshMat.uasset" 104
"../../../Engine/Content/EditorLandscapeResources/SplineEditorMeshMat.uexp" 105
"../../../Engine/Content/EditorLandscapeResources/SplineEditorMesh.uasset" 106
"../../../Engine/Content/EditorLandscapeResources/SplineEditorMesh.uexp" 107
"../../../Engine/Content/EditorMaterials/Cross.uasset" 108
"../../../Engine/Content/EditorMaterials/Cross.uexp" 109
"../../../Engine/Content/EditorMaterials/Cross_Mat.uasset" 110
"../../../Engine/Content/EditorMaterials/Cross_Mat.uexp" 111
"../../../Engine/Content/EditorResources/T_EditorHelp.uasset" 112
"../../../Engine/Content/EditorResources/T_EditorHelp.uexp" 113
"../../../Engine/Content/EditorResources/T_EditorHelp.ubulk" 114
"../../../Engine/Content/Functions/Engine_MaterialFunctions02/Utility/Sign.uasset" 115
"../../../Engine/Content/Functions/Engine_MaterialFunctions02/Utility/Sign.uexp" 116
"../../../Engine/Content/Functions/Engine_MaterialFunctions02/Utility/Round.uasset" 117
"../../../Engine/Content/Functions/Engine_MaterialFunctions02/Utility/Round.uexp" 118
"../../../Engine/Content/Functions/Engine_MaterialFunctions02/ExampleContent/Textures/DebugNumberPeriod.uasset" 119
"../../../Engine/Content/Functions/Engine_MaterialFunctions02/ExampleContent/Textures/DebugNumberPeriod.uexp" 120
"../../../Engine/Content/Functions/Engine_MaterialFunctions02/ExampleContent/DebugNumberStrip.uasset" 121
"../../../Engine/Content/Functions/Engine_MaterialFunctions02/ExampleContent/DebugNumberStrip.uexp" 122
"../../../Engine/Content/EngineMaterials/DefaultDiffuse.uasset" 123
"../../../Engine/Content/EngineMaterials/DefaultDiffuse.uexp" 124
"../../../Engine/Content/EngineMaterials/DefaultDiffuse.ubulk" 125
"../../../Engine/Content/Functions/Engine_MaterialFunctions01/Texturing/TextureCropping.uasset" 126
"../../../Engine/Content/Functions/Engine_MaterialFunctions01/Texturing/TextureCropping.uexp" 127
"../../../Engine/Content/Functions/Engine_MaterialFunctions01/Texturing/ComputeMipLevel.uasset" 128
"../../../Engine/Content/Functions/Engine_MaterialFunctions01/Texturing/ComputeMipLevel.uexp" 129
"../../../Engine/Content/Functions/Engine_MaterialFunctions02/Utility/DebugScalarValues.uasset" 130
"../../../Engine/Content/Functions/Engine_MaterialFunctions02/Utility/DebugScalarValues.uexp" 131
"../../../Engine/Content/Functions/Engine_MaterialFunctions02/Utility/DebugFloat2Values.uasset" 132
"../../../Engine/Content/Functions/Engine_MaterialFunctions02/Utility/DebugFloat2Values.uexp" 133
"../../../Engine/Content/Functions/Engine_MaterialFunctions02/ExampleContent/Textures/flipbook.uasset" 134
"../../../Engine/Content/Functions/Engine_MaterialFunctions02/ExampleContent/Textures/flipbook.uexp" 135
"../../../Engine/Content/Functions/Engine_MaterialFunctions02/ExampleContent/Textures/flipbook.ubulk" 136
"../../../Engine/Content/Functions/Engine_MaterialFunctions02/Texturing/FlipBook.uasset" 137
"../../../Engine/Content/Functions/Engine_MaterialFunctions02/Texturing/FlipBook.uexp" 138
"../../../Engine/Content/EditorMaterials/HelpActorMaterial.uasset" 139
"../../../Engine/Content/EditorMaterials/HelpActorMaterial.uexp" 140
"../../../Engine/Content/Functions/Engine_MaterialFunctions03/Procedurals/ComputeFilterWidth.uasset" 141
"../../../Engine/Content/Functions/Engine_MaterialFunctions03/Procedurals/ComputeFilterWidth.uexp" 142
"../../../Engine/Content/EngineMaterials/BlendFunc_DefBlend.uasset" 143
"../../../Engine/Content/EngineMaterials/BlendFunc_DefBlend.uexp" 144
"../../../Engine/Content/EngineMaterials/BlendFunc_DefBase.uasset" 145
"../../../Engine/Content/EngineMaterials/BlendFunc_DefBase.uexp" 146
"../../../Engine/Content/Functions/Engine_MaterialFunctions03/Blends/Blend_Screen.uasset" 147
"../../../Engine/Content/Functions/Engine_MaterialFunctions03/Blends/Blend_Screen.uexp" 148
"../../../Engine/Content/EditorMaterials/TilingAALineIntegral.uasset" 149
"../../../Engine/Content/EditorMaterials/TilingAALineIntegral.uexp" 150
"../../../Engine/Content/EditorMaterials/TilingAALineBoxFiltered.uasset" 151
"../../../Engine/Content/EditorMaterials/TilingAALineBoxFiltered.uexp" 152
"../../../Engine/Content/EditorMaterials/TilingAAGrid.uasset" 153
"../../../Engine/Content/EditorMaterials/TilingAAGrid.uexp" 154
"../../../Engine/Content/EditorMaterials/TilingAADots.uasset" 155
"../../../Engine/Content/EditorMaterials/TilingAADots.uexp" 156
"../../../Engine/Content/EditorMaterials/CompositeARGBLayer.uasset" 157
"../../../Engine/Content/EditorMaterials/CompositeARGBLayer.uexp" 158
"../../../Engine/Content/EditorMaterials/LevelGridMaterial.uasset" 159
"../../../Engine/Content/EditorMaterials/LevelGridMaterial.uexp" 160
"../../../Engine/Content/EditorResources/LevelGrid1DStripes.uasset" 161
"../../../Engine/Content/EditorResources/LevelGrid1DStripes.uexp" 162
"../../../Engine/Content/EditorMaterials/TextureGridCascaded1D.uasset" 163
"../../../Engine/Content/EditorMaterials/TextureGridCascaded1D.uexp" 164
"../../../Engine/Content/EditorMaterials/TextureGridCascaded2D.uasset" 165
"../../../Engine/Content/EditorMaterials/TextureGridCascaded2D.uexp" 166
"../../../Engine/Content/EditorMaterials/MakeCompositeARGBLayer.uasset" 167
"../../../Engine/Content/EditorMaterials/MakeCompositeARGBLayer.uexp" 168
"../../../Engine/Content/EditorMaterials/LevelGridMaterial2.uasset" 169
"../../../Engine/Content/EditorMaterials/LevelGridMaterial2.uexp" 170
"../../../Engine/Content/EditorMaterials/MAT_Groups_Toggle.uasset" 171
"../../../Engine/Content/EditorMaterials/MAT_Groups_Toggle.uexp" 172
"../../../Engine/Content/EditorMaterials/MAT_Groups_Visibility.uasset" 173
"../../../Engine/Content/EditorMaterials/MAT_Groups_Visibility.uexp" 174
"../../../Engine/Content/EditorMaterials/PhAT_BoneSelectedMaterial.uasset" 175
"../../../Engine/Content/EditorMaterials/PhAT_BoneSelectedMaterial.uexp" 176
"../../../Engine/Content/EditorMaterials/PhAT_ElemSelectedMaterial.uasset" 177
"../../../Engine/Content/EditorMaterials/PhAT_ElemSelectedMaterial.uexp" 178
"../../../Engine/Content/EditorMaterials/PhAT_NoCollisionMaterial.uasset" 179
"../../../Engine/Content/EditorMaterials/PhAT_NoCollisionMaterial.uexp" 180
"../../../Engine/Content/EditorMaterials/PhAT_UnselectedMaterial.uasset" 181
"../../../Engine/Content/EditorMaterials/PhAT_UnselectedMaterial.uexp" 182
"../../../Engine/Content/EditorMaterials/PreviewShadowIndicator.uasset" 183
"../../../Engine/Content/EditorMaterials/PreviewShadowIndicator.uexp" 184
"../../../Engine/Content/EditorMaterials/PreviewShadowIndicator.ubulk" 185
"../../../Engine/Content/EditorMaterials/PreviewShadowIndicatorMaterial.uasset" 186
"../../../Engine/Content/EditorMaterials/PreviewShadowIndicatorMaterial.uexp" 187
"../../../Engine/Content/EditorMaterials/TargetIcon.uasset" 188
"../../../Engine/Content/EditorMaterials/TargetIcon.uexp" 189
"../../../Engine/Content/EditorMaterials/TargetIcon.ubulk" 190
"../../../Engine/Content/EditorMaterials/Tick.uasset" 191
"../../../Engine/Content/EditorMaterials/Tick.uexp" 192
"../../../Engine/Content/EditorMaterials/Tick_Mat.uasset" 193
"../../../Engine/Content/EditorMaterials/Tick_Mat.uexp" 194
"../../../Engine/Content/EditorMaterials/WidgetGridVertexColorMaterial.uasset" 195
"../../../Engine/Content/EditorMaterials/WidgetGridVertexColorMaterial.uexp" 196
"../../../Engine/Content/EditorMaterials/WidgetGridVertexColorMaterial.ubulk" 197
"../../../Engine/Content/EditorMaterials/WidgetGridVertexColorMaterial_Ma.uasset" 198
"../../../Engine/Content/EditorMaterials/WidgetGridVertexColorMaterial_Ma.uexp" 199
"../../../Engine/Content/EditorMaterials/WidgetMaterial.uasset" 200
"../../../Engine/Content/EditorMaterials/WidgetMaterial.uexp" 201
"../../../Engine/Content/EditorMaterials/WidgetMaterial_Current.uasset" 202
"../../../Engine/Content/EditorMaterials/WidgetMaterial_Current.uexp" 203
"../../../Engine/Content/EditorMaterials/WidgetMaterial_X.uasset" 204
"../../../Engine/Content/EditorMaterials/WidgetMaterial_X.uexp" 205
"../../../Engine/Content/EditorMaterials/WidgetMaterial_Y.uasset" 206
"../../../Engine/Content/EditorMaterials/WidgetMaterial_Y.uexp" 207
"../../../Engine/Content/EditorMaterials/WidgetMaterial_Z.uasset" 208
"../../../Engine/Content/EditorMaterials/WidgetMaterial_Z.uexp" 209
"../../../Engine/Content/EditorMaterials/WidgetVertexColorMaterial.uasset" 210
"../../../Engine/Content/EditorMaterials/WidgetVertexColorMaterial.uexp" 211
"../../../Engine/Content/EditorMaterials/MatineeGroups/MAT_ColorTrack.uasset" 212
"../../../Engine/Content/EditorMaterials/MatineeGroups/MAT_ColorTrack.uexp" 213
"../../../Engine/Content/EditorMaterials/MatineeGroups/MAT_Groups_Anim.uasset" 214
"../../../Engine/Content/EditorMaterials/MatineeGroups/MAT_Groups_Anim.uexp" 215
"../../../Engine/Content/EditorMaterials/MatineeGroups/MAT_Groups_AudioMaster.uasset" 216
"../../../Engine/Content/EditorMaterials/MatineeGroups/MAT_Groups_AudioMaster.uexp" 217
"../../../Engine/Content/EditorMaterials/MatineeGroups/MAT_Groups_Director.uasset" 218
"../../../Engine/Content/EditorMaterials/MatineeGroups/MAT_Groups_Director.uexp" 219
"../../../Engine/Content/EditorMaterials/MatineeGroups/MAT_Groups_Event.uasset" 220
"../../../Engine/Content/EditorMaterials/MatineeGroups/MAT_Groups_Event.uexp" 221
"../../../Engine/Content/EditorMaterials/MatineeGroups/MAT_Groups_Fade.uasset" 222
"../../../Engine/Content/EditorMaterials/MatineeGroups/MAT_Groups_Fade.uexp" 223
"../../../Engine/Content/EditorMaterials/MatineeGroups/MAT_Groups_Float.uasset" 224
"../../../Engine/Content/EditorMaterials/MatineeGroups/MAT_Groups_Float.uexp" 225
"../../../Engine/Content/EditorMaterials/MatineeGroups/MAT_Groups_Move.uasset" 226
"../../../Engine/Content/EditorMaterials/MatineeGroups/MAT_Groups_Move.uexp" 227
"../../../Engine/Content/EditorMaterials/MatineeGroups/MAT_Groups_Slomo.uasset" 228
"../../../Engine/Content/EditorMaterials/MatineeGroups/MAT_Groups_Slomo.uexp" 229
"../../../Engine/Content/EditorMaterials/MatineeGroups/MAT_Groups_Sound.uasset" 230
"../../../Engine/Content/EditorMaterials/MatineeGroups/MAT_Groups_Sound.uexp" 231
"../../../Engine/Content/EditorMaterials/MatineeGroups/MAT_Groups_Vector.uasset" 232
"../../../Engine/Content/EditorMaterials/MatineeGroups/MAT_Groups_Vector.uexp" 233
"../../../Engine/Content/EditorMaterials/ParticleSystems/PSysThumbnail_NoImage.uasset" 234
"../../../Engine/Content/EditorMaterials/ParticleSystems/PSysThumbnail_NoImage.uexp" 235
"../../../Engine/Content/EditorMaterials/ParticleSystems/PSysThumbnail_NoImage.ubulk" 236
"../../../Engine/Content/EditorMaterials/ParticleSystems/PSysThumbnail_OOD.uasset" 237
"../../../Engine/Content/EditorMaterials/ParticleSystems/PSysThumbnail_OOD.uexp" 238
"../../../Engine/Content/EditorMaterials/ParticleSystems/PSysThumbnail_OOD.ubulk" 239
"../../../Engine/Content/EngineMaterials/Grid.uasset" 240
"../../../Engine/Content/EngineMaterials/Grid.uexp" 241
"../../../Engine/Content/EngineMaterials/Grid.ubulk" 242
"../../../Engine/Content/EditorMaterials/Thumbnails/FloorPlaneMaterial.uasset" 243
"../../../Engine/Content/EditorMaterials/Thumbnails/FloorPlaneMaterial.uexp" 244
"../../../Engine/Content/EditorMeshes/EditorCube.uasset" 245
"../../../Engine/Content/EditorMeshes/EditorCube.uexp" 246
"../../../Engine/Content/EditorMeshes/EditorCylinder.uasset" 247
"../../../Engine/Content/EditorMeshes/EditorCylinder.uexp" 248
"../../../Engine/Content/EditorMeshes/EditorPlane.uasset" 249
"../../../Engine/Content/EditorMeshes/EditorPlane.uexp" 250
"../../../Engine/Content/EditorMaterials/Thumbnails/SkySphereMaterial.uasset" 251
"../../../Engine/Content/EditorMaterials/Thumbnails/SkySphereMaterial.uexp" 252
"../../../Engine/Content/EditorMeshes/EditorSkySphere.uasset" 253
"../../../Engine/Content/EditorMeshes/EditorSkySphere.uexp" 254
"../../../Engine/Content/EditorMeshes/EditorSphere.uasset" 255
"../../../Engine/Content/EditorMeshes/EditorSphere.uexp" 256
"../../../Engine/Content/EditorResources/MatineeCam_D.uasset" 257
"../../../Engine/Content/EditorResources/MatineeCam_D.uexp" 258
"../../../Engine/Content/EditorMaterials/MatineeCam_mat.uasset" 259
"../../../Engine/Content/EditorMaterials/MatineeCam_mat.uexp" 260
"../../../Engine/Content/EditorMeshes/MatineeCam_SM.uasset" 261
"../../../Engine/Content/EditorMeshes/MatineeCam_SM.uexp" 262
"../../../Engine/Content/EditorMeshes/PlanarReflectionPlane.uasset" 263
"../../../Engine/Content/EditorMeshes/PlanarReflectionPlane.uexp" 264
"../../../Engine/Content/EngineDebugMaterials/M_SimpleOpaque.uasset" 265
"../../../Engine/Content/EngineDebugMaterials/M_SimpleOpaque.uexp" 266
"../../../Engine/Content/EditorMaterials/Camera/MI_CineMat_CamViewFinder.uasset" 267
"../../../Engine/Content/EditorMaterials/Camera/MI_CineMat_CamViewFinder.uexp" 268
"../../../Engine/Content/EditorMaterials/Camera/CineMat.uasset" 269
"../../../Engine/Content/EditorMaterials/Camera/CineMat.uexp" 270
"../../../Engine/Content/EditorMaterials/Camera/MI_CineMat_CameraBody.uasset" 271
"../../../Engine/Content/EditorMaterials/Camera/MI_CineMat_CameraBody.uexp" 272
"../../../Engine/Content/EditorMeshes/Camera/SM_CineCam.uasset" 273
"../../../Engine/Content/EditorMeshes/Camera/SM_CineCam.uexp" 274
"../../../Engine/Content/EditorMaterials/Camera/MI_CineMat_Rig.uasset" 275
"../../../Engine/Content/EditorMaterials/Camera/MI_CineMat_Rig.uexp" 276
"../../../Engine/Content/EditorMeshes/Camera/SM_CraneRig_Arm.uasset" 277
"../../../Engine/Content/EditorMeshes/Camera/SM_CraneRig_Arm.uexp" 278
"../../../Engine/Content/EditorMeshes/Camera/SM_CraneRig_Base.uasset" 279
"../../../Engine/Content/EditorMeshes/Camera/SM_CraneRig_Base.uexp" 280
"../../../Engine/Content/EditorMeshes/Camera/SM_CraneRig_Body.uasset" 281
"../../../Engine/Content/EditorMeshes/Camera/SM_CraneRig_Body.uexp" 282
"../../../Engine/Content/EditorMeshes/Camera/SM_CraneRig_Mount.uasset" 283
"../../../Engine/Content/EditorMeshes/Camera/SM_CraneRig_Mount.uexp" 284
"../../../Engine/Content/EditorMeshes/Camera/SM_RailRig_Mount.uasset" 285
"../../../Engine/Content/EditorMeshes/Camera/SM_RailRig_Mount.uexp" 286
"../../../Engine/Content/EditorMeshes/Camera/SM_RailRig_Track.uasset" 287
"../../../Engine/Content/EditorMeshes/Camera/SM_RailRig_Track.uexp" 288
"../../../Engine/Content/EditorMeshes/ColorCalibrator/M_ChromeBall.uasset" 289
"../../../Engine/Content/EditorMeshes/ColorCalibrator/M_ChromeBall.uexp" 290
"../../../Engine/Content/EditorResources/Bad.uasset" 291
"../../../Engine/Content/EditorResources/Bad.uexp" 292
"../../../Engine/Content/EditorResources/Bad.ubulk" 293
"../../../Engine/Content/EditorResources/BSPVertex.uasset" 294
"../../../Engine/Content/EditorResources/BSPVertex.uexp" 295
"../../../Engine/Content/EditorResources/EmptyActor.uasset" 296
"../../../Engine/Content/EditorResources/EmptyActor.uexp" 297
"../../../Engine/Content/EditorResources/MatInstActSprite.uasset" 298
"../../../Engine/Content/EditorResources/MatInstActSprite.uexp" 299
"../../../Engine/Content/EditorResources/MatInstActSprite.ubulk" 300
"../../../Engine/Content/EditorResources/SceneManager.uasset" 301
"../../../Engine/Content/EditorResources/SceneManager.uexp" 302
"../../../Engine/Content/EditorResources/SceneManager.ubulk" 303
"../../../Engine/Content/EditorResources/SmallFont.uasset" 304
"../../../Engine/Content/EditorResources/SmallFont.uexp" 305
"../../../Engine/Content/EditorResources/S_Actor.uasset" 306
"../../../Engine/Content/EditorResources/S_Actor.uexp" 307
"../../../Engine/Content/EditorResources/S_Actor.ubulk" 308
"../../../Engine/Content/EditorResources/S_CameraShakeSource.uasset" 309
"../../../Engine/Content/EditorResources/S_CameraShakeSource.uexp" 310
"../../../Engine/Content/EditorResources/S_DecalActorIcon.uasset" 311
"../../../Engine/Content/EditorResources/S_DecalActorIcon.uexp" 312
"../../../Engine/Content/EditorResources/S_DecalActorIcon.ubulk" 313
"../../../Engine/Content/EditorResources/S_Emitter.uasset" 314
"../../../Engine/Content/EditorResources/S_Emitter.uexp" 315
"../../../Engine/Content/EditorResources/S_Emitter.ubulk" 316
"../../../Engine/Content/EditorResources/S_ExpoHeightFog.uasset" 317
"../../../Engine/Content/EditorResources/S_ExpoHeightFog.uexp" 318
"../../../Engine/Content/EditorResources/S_ExpoHeightFog.ubulk" 319
"../../../Engine/Content/EditorResources/S_FTest.uasset" 320
"../../../Engine/Content/EditorResources/S_FTest.uexp" 321
"../../../Engine/Content/EditorResources/S_KBSJoint.uasset" 322
"../../../Engine/Content/EditorResources/S_KBSJoint.uexp" 323
"../../../Engine/Content/EditorResources/S_KBSJoint.ubulk" 324
"../../../Engine/Content/EditorResources/S_KHinge.uasset" 325
"../../../Engine/Content/EditorResources/S_KHinge.uexp" 326
"../../../Engine/Content/EditorResources/S_KHinge.ubulk" 327
"../../../Engine/Content/EditorResources/S_KPrismatic.uasset" 328
"../../../Engine/Content/EditorResources/S_KPrismatic.uexp" 329
"../../../Engine/Content/EditorResources/S_KPrismatic.ubulk" 330
"../../../Engine/Content/EditorResources/S_LevelSequence.uasset" 331
"../../../Engine/Content/EditorResources/S_LevelSequence.uexp" 332
"../../../Engine/Content/EditorResources/S_LevelSequence.ubulk" 333
"../../../Engine/Content/EditorResources/S_NavP.uasset" 334
"../../../Engine/Content/EditorResources/S_NavP.uexp" 335
"../../../Engine/Content/EditorResources/S_NavP.ubulk" 336
"../../../Engine/Content/EditorResources/S_Note.uasset" 337
"../../../Engine/Content/EditorResources/S_Note.uexp" 338
"../../../Engine/Content/EditorResources/S_Note.ubulk" 339
"../../../Engine/Content/EditorResources/S_Player.uasset" 340
"../../../Engine/Content/EditorResources/S_Player.uexp" 341
"../../../Engine/Content/EditorResources/S_Player.ubulk" 342
"../../../Engine/Content/EditorResources/S_PortalActorIcon2.uasset" 343
"../../../Engine/Content/EditorResources/S_PortalActorIcon2.uexp" 344
"../../../Engine/Content/EditorResources/S_PortalActorIcon2.ubulk" 345
"../../../Engine/Content/EditorResources/S_RadForce.uasset" 346
"../../../Engine/Content/EditorResources/S_RadForce.uexp" 347
"../../../Engine/Content/EditorResources/S_RadForce.ubulk" 348
"../../../Engine/Content/EditorResources/S_ReflActorIcon.uasset" 349
"../../../Engine/Content/EditorResources/S_ReflActorIcon.uexp" 350
"../../../Engine/Content/EditorResources/S_ReflActorIcon.ubulk" 351
"../../../Engine/Content/EditorResources/S_SkyAtmosphere.uasset" 352
"../../../Engine/Content/EditorResources/S_SkyAtmosphere.uexp" 353
"../../../Engine/Content/EditorResources/S_SkyAtmosphere.ubulk" 354
"../../../Engine/Content/EditorResources/S_Solver.uasset" 355
"../../../Engine/Content/EditorResources/S_Solver.uexp" 356
"../../../Engine/Content/EditorResources/S_Solver.ubulk" 357
"../../../Engine/Content/EditorResources/S_Terrain.uasset" 358
"../../../Engine/Content/EditorResources/S_Terrain.uexp" 359
"../../../Engine/Content/EditorResources/S_Terrain.ubulk" 360
"../../../Engine/Content/EditorResources/S_TextRenderActorIcon.uasset" 361
"../../../Engine/Content/EditorResources/S_TextRenderActorIcon.uexp" 362
"../../../Engine/Content/EditorResources/S_TextRenderActorIcon.ubulk" 363
"../../../Engine/Content/EditorResources/S_Thruster.uasset" 364
"../../../Engine/Content/EditorResources/S_Thruster.uexp" 365
"../../../Engine/Content/EditorResources/S_Thruster.ubulk" 366
"../../../Engine/Content/EditorResources/S_Trigger.uasset" 367
"../../../Engine/Content/EditorResources/S_Trigger.uexp" 368
"../../../Engine/Content/EditorResources/S_Trigger.ubulk" 369
"../../../Engine/Content/EditorResources/S_VectorFieldVol.uasset" 370
"../../../Engine/Content/EditorResources/S_VectorFieldVol.uexp" 371
"../../../Engine/Content/EditorResources/S_VectorFieldVol.ubulk" 372
"../../../Engine/Content/EditorResources/S_VolumetricCloud.uasset" 373
"../../../Engine/Content/EditorResources/S_VolumetricCloud.uexp" 374
"../../../Engine/Content/EditorResources/S_VolumetricCloud.ubulk" 375
"../../../Engine/Content/EditorResources/S_WindDirectional.uasset" 376
"../../../Engine/Content/EditorResources/S_WindDirectional.uexp" 377
"../../../Engine/Content/EditorResources/S_WindDirectional.ubulk" 378
"../../../Engine/Content/EditorResources/AI/S_NavLink.uasset" 379
"../../../Engine/Content/EditorResources/AI/S_NavLink.uexp" 380
"../../../Engine/Content/EditorResources/LightIcons/SkyLight.uasset" 381
"../../../Engine/Content/EditorResources/LightIcons/SkyLight.uexp" 382
"../../../Engine/Content/EditorResources/LightIcons/S_LightDirectional.uasset" 383
"../../../Engine/Content/EditorResources/LightIcons/S_LightDirectional.uexp" 384
"../../../Engine/Content/EditorResources/LightIcons/S_LightDirectionalMove.uasset" 385
"../../../Engine/Content/EditorResources/LightIcons/S_LightDirectionalMove.uexp" 386
"../../../Engine/Content/EditorResources/LightIcons/S_LightError.uasset" 387
"../../../Engine/Content/EditorResources/LightIcons/S_LightError.uexp" 388
"../../../Engine/Content/EditorResources/LightIcons/S_LightPoint.uasset" 389
"../../../Engine/Content/EditorResources/LightIcons/S_LightPoint.uexp" 390
"../../../Engine/Content/EditorResources/LightIcons/S_LightPointMove.uasset" 391
"../../../Engine/Content/EditorResources/LightIcons/S_LightPointMove.uexp" 392
"../../../Engine/Content/EditorResources/LightIcons/S_LightSpot.uasset" 393
"../../../Engine/Content/EditorResources/LightIcons/S_LightSpot.uexp" 394
"../../../Engine/Content/EditorResources/LightIcons/S_LightSpotMove.uasset" 395
"../../../Engine/Content/EditorResources/LightIcons/S_LightSpotMove.uexp" 396
"../../../Engine/Content/EditorResources/SequenceRecorder/Countdown.uasset" 397
"../../../Engine/Content/EditorResources/SequenceRecorder/Countdown.uexp" 398
"../../../Engine/Content/EditorResources/SequenceRecorder/RecordingIndicator.uasset" 399
"../../../Engine/Content/EditorResources/SequenceRecorder/RecordingIndicator.uexp" 400
"../../../Engine/Content/EditorResources/Spline/T_Loft_Spline.uasset" 401
"../../../Engine/Content/EditorResources/Spline/T_Loft_Spline.uexp" 402
"../../../Engine/Content/EditorSounds/Notifications/CompileSuccess.uasset" 403
"../../../Engine/Content/EditorSounds/Notifications/CompileSuccess.uexp" 404
"../../../Engine/Content/EditorSounds/Notifications/CompileStart_Cue.uasset" 405
"../../../Engine/Content/EditorSounds/Notifications/CompileStart_Cue.uexp" 406
"../../../Engine/Content/EngineDamageTypes/DmgTypeBP_Environmental.uasset" 407
"../../../Engine/Content/EngineDamageTypes/DmgTypeBP_Environmental.uexp" 408
"../../../Engine/Content/EngineDebugMaterials/HeatmapGradient.uasset" 409
"../../../Engine/Content/EngineDebugMaterials/HeatmapGradient.uexp" 410
"../../../Engine/Content/EngineDebugMaterials/HeatmapGradient.ubulk" 411
"../../../Engine/Content/EngineDebugMaterials/BoneWeightMaterial.uasset" 412
"../../../Engine/Content/EngineDebugMaterials/BoneWeightMaterial.uexp" 413
"../../../Engine/Content/EngineDebugMaterials/ClothMaterial.uasset" 414
"../../../Engine/Content/EngineDebugMaterials/ClothMaterial.uexp" 415
"../../../Engine/Content/EngineDebugMaterials/ClothMaterial_WF.uasset" 416
"../../../Engine/Content/EngineDebugMaterials/ClothMaterial_WF.uexp" 417
"../../../Engine/Content/EngineDebugMaterials/DebugEditorMaterial.uasset" 418
"../../../Engine/Content/EngineDebugMaterials/DebugEditorMaterial.uexp" 419
"../../../Engine/Content/EngineDebugMaterials/DebugMeshMaterial.uasset" 420
"../../../Engine/Content/EngineDebugMaterials/DebugMeshMaterial.uexp" 421
"../../../Engine/Content/EngineDebugMaterials/GeomMaterial.uasset" 422
"../../../Engine/Content/EngineDebugMaterials/GeomMaterial.uexp" 423
"../../../Engine/Content/Functions/Engine_MaterialFunctions01/Shading/ConvertFromDiffSpec.uasset" 424
"../../../Engine/Content/Functions/Engine_MaterialFunctions01/Shading/ConvertFromDiffSpec.uexp" 425
"../../../Engine/Content/EngineDebugMaterials/LevelColorationLitMaterial.uasset" 426
"../../../Engine/Content/EngineDebugMaterials/LevelColorationLitMaterial.uexp" 427
"../../../Engine/Content/EngineDebugMaterials/LevelColorationUnlitMaterial.uasset" 428
"../../../Engine/Content/EngineDebugMaterials/LevelColorationUnlitMaterial.uexp" 429
"../../../Engine/Content/EngineMaterials/DefaultWhiteGrid.uasset" 430
"../../../Engine/Content/EngineMaterials/DefaultWhiteGrid.uexp" 431
"../../../Engine/Content/EngineMaterials/DefaultWhiteGrid.ubulk" 432
"../../../Engine/Content/EngineDebugMaterials/MAT_LevelColorationLitLightmapUV.uasset" 433
"../../../Engine/Content/EngineDebugMaterials/MAT_LevelColorationLitLightmapUV.uexp" 434
"../../../Engine/Content/EngineDebugMaterials/M_SimpleUnlitTranslucent.uasset" 435
"../../../Engine/Content/EngineDebugMaterials/M_SimpleUnlitTranslucent.uexp" 436
"../../../Engine/Content/EngineDebugMaterials/VolumeToRender.uasset" 437
"../../../Engine/Content/EngineDebugMaterials/VolumeToRender.uexp" 438
"../../../Engine/Content/Functions/Engine_MaterialFunctions02/Utility/CameraDirectionVector.uasset" 439
"../../../Engine/Content/Functions/Engine_MaterialFunctions02/Utility/CameraDirectionVector.uexp" 440
"../../../Engine/Content/EngineDebugMaterials/M_VolumeRenderSphereTracePP.uasset" 441
"../../../Engine/Content/EngineDebugMaterials/M_VolumeRenderSphereTracePP.uexp" 442
"../../../Engine/Content/EngineMaterials/DefaultWhiteGrid_Low.uasset" 443
"../../../Engine/Content/EngineMaterials/DefaultWhiteGrid_Low.uexp" 444
"../../../Engine/Content/EngineDebugMaterials/PhysicalMaterialMaskMaterial.uasset" 445
"../../../Engine/Content/EngineDebugMaterials/PhysicalMaterialMaskMaterial.uexp" 446
"../../../Engine/Content/EngineDebugMaterials/ShadedLevelColorationLitMaterial.uasset" 447
"../../../Engine/Content/EngineDebugMaterials/ShadedLevelColorationLitMaterial.uexp" 448
"../../../Engine/Content/EngineDebugMaterials/ShadedLevelColorationUnlitMateri.uasset" 449
"../../../Engine/Content/EngineDebugMaterials/ShadedLevelColorationUnlitMateri.uexp" 450
"../../../Engine/Content/EngineDebugMaterials/VertexColorMaterial.uasset" 451
"../../../Engine/Content/EngineDebugMaterials/VertexColorMaterial.uexp" 452
"../../../Engine/Content/EngineDebugMaterials/VertexColorViewMode_AlphaAsColor.uasset" 453
"../../../Engine/Content/EngineDebugMaterials/VertexColorViewMode_AlphaAsColor.uexp" 454
"../../../Engine/Content/EngineDebugMaterials/VertexColorViewMode_BlueOnly.uasset" 455
"../../../Engine/Content/EngineDebugMaterials/VertexColorViewMode_BlueOnly.uexp" 456
"../../../Engine/Content/EngineDebugMaterials/VertexColorViewMode_ColorOnly.uasset" 457
"../../../Engine/Content/EngineDebugMaterials/VertexColorViewMode_ColorOnly.uexp" 458
"../../../Engine/Content/EngineDebugMaterials/VertexColorViewMode_GreenOnly.uasset" 459
"../../../Engine/Content/EngineDebugMaterials/VertexColorViewMode_GreenOnly.uexp" 460
"../../../Engine/Content/EngineDebugMaterials/VertexColorViewMode_RedOnly.uasset" 461
"../../../Engine/Content/EngineDebugMaterials/VertexColorViewMode_RedOnly.uexp" 462
"../../../Engine/Content/EngineDebugMaterials/WireframeMaterial.uasset" 463
"../../../Engine/Content/EngineDebugMaterials/WireframeMaterial.uexp" 464
"../../../Engine/Content/EngineFonts/Faces/RobotoRegular.uasset" 465
"../../../Engine/Content/EngineFonts/Faces/RobotoRegular.uexp" 466
"../../../Engine/Content/EngineFonts/Faces/RobotoRegular.ufont" 467
"../../../Engine/Content/EngineFonts/Faces/RobotoLight.uasset" 468
"../../../Engine/Content/EngineFonts/Faces/RobotoLight.uexp" 469
"../../../Engine/Content/EngineFonts/Faces/RobotoLight.ufont" 470
"../../../Engine/Content/EngineFonts/Faces/RobotoItalic.uasset" 471
"../../../Engine/Content/EngineFonts/Faces/RobotoItalic.uexp" 472
"../../../Engine/Content/EngineFonts/Faces/RobotoItalic.ufont" 473
"../../../Engine/Content/EngineFonts/Faces/RobotoBoldItalic.uasset" 474
"../../../Engine/Content/EngineFonts/Faces/RobotoBoldItalic.uexp" 475
"../../../Engine/Content/EngineFonts/Faces/RobotoBoldItalic.ufont" 476
"../../../Engine/Content/EngineFonts/Faces/RobotoBold.uasset" 477
"../../../Engine/Content/EngineFonts/Faces/RobotoBold.uexp" 478
"../../../Engine/Content/EngineFonts/Faces/RobotoBold.ufont" 479
"../../../Engine/Content/EngineFonts/Faces/DroidSansFallback.uasset" 480
"../../../Engine/Content/EngineFonts/Faces/DroidSansFallback.uexp" 481
"../../../Engine/Content/EngineFonts/Faces/DroidSansFallback.ufont" 482
"../../../Engine/Content/EngineFonts/Roboto.uasset" 483
"../../../Engine/Content/EngineFonts/Roboto.uexp" 484
"../../../Engine/Content/EngineFonts/Faces/RobotoTiny.uasset" 485
"../../../Engine/Content/EngineFonts/Faces/RobotoTiny.uexp" 486
"../../../Engine/Content/EngineFonts/Faces/RobotoTiny.ufont" 487
"../../../Engine/Content/EngineFonts/RobotoTiny.uasset" 488
"../../../Engine/Content/EngineFonts/RobotoTiny.uexp" 489
"../../../Engine/Content/EngineFonts/SmallFont.uasset" 490
"../../../Engine/Content/EngineFonts/SmallFont.uexp" 491
"../../../Engine/Content/EngineFonts/TinyFont.uasset" 492
"../../../Engine/Content/EngineFonts/TinyFont.uexp" 493
"../../../Engine/Content/EngineMaterials/BaseFlattenNormalMap.uasset" 494
"../../../Engine/Content/EngineMaterials/BaseFlattenNormalMap.uexp" 495
"../../../Engine/Content/EngineMaterials/BaseFlattenGrayscaleMap.uasset" 496
"../../../Engine/Content/EngineMaterials/BaseFlattenGrayscaleMap.uexp" 497
"../../../Engine/Content/EngineMaterials/BaseFlattenEmissiveMap.uasset" 498
"../../../Engine/Content/EngineMaterials/BaseFlattenEmissiveMap.uexp" 499
"../../../Engine/Content/EngineMaterials/BaseFlattenDiffuseMap.uasset" 500
"../../../Engine/Content/EngineMaterials/BaseFlattenDiffuseMap.uexp" 501
"../../../Engine/Content/EngineMaterials/BaseFlattenMaterial.uasset" 502
"../../../Engine/Content/EngineMaterials/BaseFlattenMaterial.uexp" 503
"../../../Engine/Content/EngineResources/WhiteSquareTexture.uasset" 504
"../../../Engine/Content/EngineResources/WhiteSquareTexture.uexp" 505
"../../../Engine/Content/EngineMaterials/BlinkingCaret.uasset" 506
"../../../Engine/Content/EngineMaterials/BlinkingCaret.uexp" 507
"../../../Engine/Content/EngineMaterials/BlueNoise.uasset" 508
"../../../Engine/Content/EngineMaterials/BlueNoise.uexp" 509
"../../../Engine/Content/EngineMaterials/DefaultBloomKernel.uasset" 510
"../../../Engine/Content/EngineMaterials/DefaultBloomKernel.uexp" 511
"../../../Engine/Content/EngineMaterials/DefaultBokeh.uasset" 512
"../../../Engine/Content/EngineMaterials/DefaultBokeh.uexp" 513
"../../../Engine/Content/EngineMaterials/DefaultDeferredDecalMaterial.uasset" 514
"../../../Engine/Content/EngineMaterials/DefaultDeferredDecalMaterial.uexp" 515
"../../../Engine/Content/EngineMaterials/DefaultLightFunctionMaterial.uasset" 516
"../../../Engine/Content/EngineMaterials/DefaultLightFunctionMaterial.uexp" 517
"../../../Engine/Content/EngineMaterials/DefaultNormal.uasset" 518
"../../../Engine/Content/EngineMaterials/DefaultNormal.uexp" 519
"../../../Engine/Content/EngineMaterials/DefaultNormal.ubulk" 520
"../../../Engine/Content/EngineMaterials/DefaultPostProcessMaterial.uasset" 521
"../../../Engine/Content/EngineMaterials/DefaultPostProcessMaterial.uexp" 522
"../../../Engine/Content/EngineFonts/RobotoDistanceField.uasset" 523
"../../../Engine/Content/EngineFonts/RobotoDistanceField.uexp" 524
"../../../Engine/Content/EngineMaterials/DefaultTextMaterialOpaque.uasset" 525
"../../../Engine/Content/EngineMaterials/DefaultTextMaterialOpaque.uexp" 526
"../../../Engine/Content/EngineMaterials/EditorBrushMaterial.uasset" 527
"../../../Engine/Content/EngineMaterials/EditorBrushMaterial.uexp" 528
"../../../Engine/Content/EngineMaterials/EmissiveMeshMaterial.uasset" 529
"../../../Engine/Content/EngineMaterials/EmissiveMeshMaterial.uexp" 530
"../../../Engine/Content/EngineMaterials/GizmoMaterial.uasset" 531
"../../../Engine/Content/EngineMaterials/GizmoMaterial.uexp" 532
"../../../Engine/Content/EngineMaterials/Good64x64TilingNoiseHighFreq.uasset" 533
"../../../Engine/Content/EngineMaterials/Good64x64TilingNoiseHighFreq.uexp" 534
"../../../Engine/Content/EngineMaterials/Grid_N.uasset" 535
"../../../Engine/Content/EngineMaterials/Grid_N.uexp" 536
"../../../Engine/Content/EngineMaterials/Grid_N.ubulk" 537
"../../../Engine/Content/EngineMaterials/HighResolutionScreenshotMaskFunction.uasset" 538
"../../../Engine/Content/EngineMaterials/HighResolutionScreenshotMaskFunction.uexp" 539
"../../../Engine/Content/EngineMaterials/HighResScreenshot.uasset" 540
"../../../Engine/Content/EngineMaterials/HighResScreenshot.uexp" 541
"../../../Engine/Content/EngineMaterials/HighResScreenshotCaptureRegion.uasset" 542
"../../../Engine/Content/EngineMaterials/HighResScreenshotCaptureRegion.uexp" 543
"../../../Engine/Content/EngineMaterials/HighResScreenshotMask.uasset" 544
"../../../Engine/Content/EngineMaterials/HighResScreenshotMask.uexp" 545
"../../../Engine/Content/EngineMaterials/LandscapeHolePhysicalMaterial.uasset" 546
"../../../Engine/Content/EngineMaterials/LandscapeHolePhysicalMaterial.uexp" 547
"../../../Engine/Content/EngineMaterials/InvalidLightmapSettings.uasset" 548
"../../../Engine/Content/EngineMaterials/InvalidLightmapSettings.uexp" 549
"../../../Engine/Content/EngineMaterials/InvalidLightmapSettings.ubulk" 550
"../../../Engine/Content/EngineMaterials/M_InvalidLightmapSettings.uasset" 551
"../../../Engine/Content/EngineMaterials/M_InvalidLightmapSettings.uexp" 552
"../../../Engine/Content/EngineMaterials/PaperDiffuse.uasset" 553
"../../../Engine/Content/EngineMaterials/PaperDiffuse.uexp" 554
"../../../Engine/Content/EngineMaterials/PaperNormal.uasset" 555
"../../../Engine/Content/EngineMaterials/PaperNormal.uexp" 556
"../../../Engine/Content/Functions/Engine_MaterialFunctions02/WorldPositionOffset/CameraOffset.uasset" 557
"../../../Engine/Content/Functions/Engine_MaterialFunctions02/WorldPositionOffset/CameraOffset.uexp" 558
"../../../Engine/Content/EngineMaterials/PhAT_JointLimitMaterial.uasset" 559
"../../../Engine/Content/EngineMaterials/PhAT_JointLimitMaterial.uexp" 560
"../../../Engine/Content/EngineMaterials/PhysMat_Rubber.uasset" 561
"../../../Engine/Content/EngineMaterials/PhysMat_Rubber.uexp" 562
"../../../Engine/Content/EngineMaterials/DefaultCalibrationColor.uasset" 563
"../../../Engine/Content/EngineMaterials/DefaultCalibrationColor.uexp" 564
"../../../Engine/Content/EngineMaterials/PPM_DefaultCalibrationColor.uasset" 565
"../../../Engine/Content/EngineMaterials/PPM_DefaultCalibrationColor.uexp" 566
"../../../Engine/Content/EngineMaterials/DefaultCalibrationGrayscale.uasset" 567
"../../../Engine/Content/EngineMaterials/DefaultCalibrationGrayscale.uexp" 568
"../../../Engine/Content/EngineMaterials/PPM_DefaultCalibrationGrayscale.uasset" 569
"../../../Engine/Content/EngineMaterials/PPM_DefaultCalibrationGrayscale.uexp" 570
"../../../Engine/Content/EngineMaterials/PreintegratedSkinBRDF.uasset" 571
"../../../Engine/Content/EngineMaterials/PreintegratedSkinBRDF.uexp" 572
"../../../Engine/Content/EngineMaterials/RemoveSurfaceMaterial.uasset" 573
"../../../Engine/Content/EngineMaterials/RemoveSurfaceMaterial.uexp" 574
"../../../Engine/Content/EngineMaterials/WeightMapPlaceholderTexture.uasset" 575
"../../../Engine/Content/EngineMaterials/WeightMapPlaceholderTexture.uexp" 576
"../../../Engine/Content/Functions/Engine_MaterialFunctions01/ImageAdjustment/sRGBToLinear.uasset" 577
"../../../Engine/Content/Functions/Engine_MaterialFunctions01/ImageAdjustment/sRGBToLinear.uexp" 578
"../../../Engine/Content/Functions/Engine_MaterialFunctions02/Utility/BreakOutFloat3Components.uasset" 579
"../../../Engine/Content/Functions/Engine_MaterialFunctions02/Utility/BreakOutFloat3Components.uexp" 580
"../../../Engine/Content/EngineMaterials/Widget3DCameraPassThrough_Opaque_OneSided.uasset" 581
"../../../Engine/Content/EngineMaterials/Widget3DCameraPassThrough_Opaque_OneSided.uexp" 582
"../../../Engine/Content/EngineMaterials/Widget3DPassThrough.uasset" 583
"../../../Engine/Content/EngineMaterials/Widget3DPassThrough.uexp" 584
"../../../Engine/Content/EngineMaterials/Widget3DPassThrough_Masked.uasset" 585
"../../../Engine/Content/EngineMaterials/Widget3DPassThrough_Masked.uexp" 586
"../../../Engine/Content/EngineMaterials/Widget3DPassThrough_Opaque.uasset" 587
"../../../Engine/Content/EngineMaterials/Widget3DPassThrough_Opaque.uexp" 588
"../../../Engine/Content/EngineMaterials/Widget3DPassThrough_Masked_OneSided.uasset" 589
"../../../Engine/Content/EngineMaterials/Widget3DPassThrough_Masked_OneSided.uexp" 590
"../../../Engine/Content/EngineMaterials/Widget3DPassThrough_Opaque_OneSided.uasset" 591
"../../../Engine/Content/EngineMaterials/Widget3DPassThrough_Opaque_OneSided.uexp" 592
"../../../Engine/Content/EngineMaterials/Widget3DPassThrough_Translucent.uasset" 593
"../../../Engine/Content/EngineMaterials/Widget3DPassThrough_Translucent.uexp" 594
"../../../Engine/Content/EngineMaterials/Widget3DPassThrough_Translucent_OneSided.uasset" 595
"../../../Engine/Content/EngineMaterials/Widget3DPassThrough_Translucent_OneSided.uexp" 596
"../../../Engine/Content/EngineMeshes/Cylinder.uasset" 597
"../../../Engine/Content/EngineMeshes/Cylinder.uexp" 598
"../../../Engine/Content/EngineMeshes/Sphere.uasset" 599
"../../../Engine/Content/EngineMeshes/Sphere.uexp" 600
"../../../Engine/Content/EngineResources/DefaultTexture.uasset" 601
"../../../Engine/Content/EngineResources/DefaultTexture.uexp" 602
"../../../Engine/Content/EngineResources/DefaultTexture.ubulk" 603
"../../../Engine/Content/EngineResources/DefaultTextureCube.uasset" 604
"../../../Engine/Content/EngineResources/DefaultTextureCube.uexp" 605
"../../../Engine/Content/EngineResources/DefaultVolumeTexture2D.uasset" 606
"../../../Engine/Content/EngineResources/DefaultVolumeTexture2D.uexp" 607
"../../../Engine/Content/EngineResources/DefaultVolumeTexture.uasset" 608
"../../../Engine/Content/EngineResources/DefaultVolumeTexture.uexp" 609
"../../../Engine/Content/EngineResources/GradientTexture0.uasset" 610
"../../../Engine/Content/EngineResources/GradientTexture0.uexp" 611
"../../../Engine/Content/EngineResources/StreamingPauseIcon.uasset" 612
"../../../Engine/Content/EngineResources/StreamingPauseIcon.uexp" 613
"../../../Engine/Content/EngineResources/M_StreamingPause.uasset" 614
"../../../Engine/Content/EngineResources/M_StreamingPause.uexp" 615
"../../../Engine/Content/EngineSky/VolumetricClouds/T_NoiseShape64.uasset" 616
"../../../Engine/Content/EngineSky/VolumetricClouds/T_NoiseShape64.uexp" 617
"../../../Engine/Content/EngineSky/VolumetricClouds/T_NoiseShape64.ubulk" 618
"../../../Engine/Content/EngineSky/VolumetricClouds/T_VolumeNoiseShape64.uasset" 619
"../../../Engine/Content/EngineSky/VolumetricClouds/T_VolumeNoiseShape64.uexp" 620
"../../../Engine/Content/EngineSky/VolumetricClouds/T_NoiseErosion.uasset" 621
"../../../Engine/Content/EngineSky/VolumetricClouds/T_NoiseErosion.uexp" 622
"../../../Engine/Content/EngineSky/VolumetricClouds/T_NoiseErosion.ubulk" 623
"../../../Engine/Content/EngineSky/VolumetricClouds/T_VolumeNoiseErosion32.uasset" 624
"../../../Engine/Content/EngineSky/VolumetricClouds/T_VolumeNoiseErosion32.uexp" 625
"../../../Engine/Content/EngineSky/VolumetricClouds/CloudWeatherTexture.uasset" 626
"../../../Engine/Content/EngineSky/VolumetricClouds/CloudWeatherTexture.uexp" 627
"../../../Engine/Content/EngineSky/VolumetricClouds/CloudGradientTexture.uasset" 628
"../../../Engine/Content/EngineSky/VolumetricClouds/CloudGradientTexture.uexp" 629
"../../../Engine/Content/EngineSky/VolumetricClouds/m_SimpleVolumetricCloud.uasset" 630
"../../../Engine/Content/EngineSky/VolumetricClouds/m_SimpleVolumetricCloud.uexp" 631
"../../../Engine/Content/EngineSky/VolumetricClouds/m_SimpleVolumetricCloud_Inst.uasset" 632
"../../../Engine/Content/EngineSky/VolumetricClouds/m_SimpleVolumetricCloud_Inst.uexp" 633
"../../../Engine/Content/EngineSounds/Master.uasset" 634
"../../../Engine/Content/EngineSounds/Master.uexp" 635
"../../../Engine/Content/Functions/Engine_MaterialFunctions01/Shading/PowerToRoughness.uasset" 636
"../../../Engine/Content/Functions/Engine_MaterialFunctions01/Shading/PowerToRoughness.uexp" 637
"../../../Engine/Content/Maps/Templates/Thumbnails/Default.uasset" 638
"../../../Engine/Content/Maps/Templates/Thumbnails/Default.uexp" 639
"../../../Engine/Content/Maps/Templates/Thumbnails/TimeOfDay.uasset" 640
"../../../Engine/Content/Maps/Templates/Thumbnails/TimeOfDay.uexp" 641
"../../../Engine/Content/Maps/Templates/Thumbnails/VR-Basic.uasset" 642
"../../../Engine/Content/Maps/Templates/Thumbnails/VR-Basic.uexp" 643
"../../../Engine/Content/MapTemplates/Sky/DaylightAmbientCubemap.uasset" 644
"../../../Engine/Content/MapTemplates/Sky/DaylightAmbientCubemap.uexp" 645
"../../../Engine/Content/MobileResources/T_MobileControls_texture.uasset" 646
"../../../Engine/Content/MobileResources/T_MobileControls_texture.uexp" 647
"../../../Engine/Content/MobileResources/T_MobileMenu2.uasset" 648
"../../../Engine/Content/MobileResources/T_MobileMenu2.uexp" 649
"../../../Engine/Content/MobileResources/HUD/AnalogHat.uasset" 650
"../../../Engine/Content/MobileResources/HUD/AnalogHat.uexp" 651
"../../../Engine/Content/MobileResources/HUD/VirtualJoystick_Thumb.uasset" 652
"../../../Engine/Content/MobileResources/HUD/VirtualJoystick_Thumb.uexp" 653
"../../../Engine/Content/MobileResources/HUD/VirtualJoystick_Background.uasset" 654
"../../../Engine/Content/MobileResources/HUD/VirtualJoystick_Background.uexp" 655
"../../../Engine/Content/MobileResources/HUD/DefaultVirtualJoysticks.uasset" 656
"../../../Engine/Content/MobileResources/HUD/DefaultVirtualJoysticks.uexp" 657
"../../../Engine/Content/MobileResources/HUD/LeftVirtualJoystickOnly.uasset" 658
"../../../Engine/Content/MobileResources/HUD/LeftVirtualJoystickOnly.uexp" 659
"../../../Engine/Content/MobileResources/HUD/MobileHUDButton1_off.uasset" 660
"../../../Engine/Content/MobileResources/HUD/MobileHUDButton1_off.uexp" 661
"../../../Engine/Content/MobileResources/HUD/MobileHUDButton1_on.uasset" 662
"../../../Engine/Content/MobileResources/HUD/MobileHUDButton1_on.uexp" 663
"../../../Engine/Content/MobileResources/HUD/MobileHUDButton2_off.uasset" 664
"../../../Engine/Content/MobileResources/HUD/MobileHUDButton2_off.uexp" 665
"../../../Engine/Content/MobileResources/HUD/MobileHUDButton2_on.uasset" 666
"../../../Engine/Content/MobileResources/HUD/MobileHUDButton2_on.uexp" 667
"../../../Engine/Content/MobileResources/HUD/MobileHUDButton3.uasset" 668
"../../../Engine/Content/MobileResources/HUD/MobileHUDButton3.uexp" 669
"../../../Engine/Content/MobileResources/HUD/MobileHUDButtonFire.uasset" 670
"../../../Engine/Content/MobileResources/HUD/MobileHUDButtonFire.uexp" 671
"../../../Engine/Content/MobileResources/HUD/MobileHUDDirectionPad.uasset" 672
"../../../Engine/Content/MobileResources/HUD/MobileHUDDirectionPad.uexp" 673
"../../../Engine/Content/MobileResources/HUD/MobileHUDDirectionPad2.uasset" 674
"../../../Engine/Content/MobileResources/HUD/MobileHUDDirectionPad2.uexp" 675
"../../../Engine/Content/MobileResources/HUD/MobileHUDDirectionPad3.uasset" 676
"../../../Engine/Content/MobileResources/HUD/MobileHUDDirectionPad3.uexp" 677
"../../../Engine/Content/MobileResources/HUD/MobileHUDDirectionStick.uasset" 678
"../../../Engine/Content/MobileResources/HUD/MobileHUDDirectionStick.uexp" 679
"../../../Engine/Content/MobileResources/HUD/T_Castle_ThumbstickInner.uasset" 680
"../../../Engine/Content/MobileResources/HUD/T_Castle_ThumbstickInner.uexp" 681
"../../../Engine/Content/MobileResources/HUD/T_Castle_ThumbstickOutter.uasset" 682
"../../../Engine/Content/MobileResources/HUD/T_Castle_ThumbstickOutter.uexp" 683
"../../../Engine/Content/Tutorial/ContentIntroCurve.uasset" 684
"../../../Engine/Content/Tutorial/ContentIntroCurve.uexp" 685
"../../../Engine/Content/Tutorial/Basics/TutorialAssets/icon_tab_Levels_40x.uasset" 686
"../../../Engine/Content/Tutorial/Basics/TutorialAssets/icon_tab_Levels_40x.uexp" 687
"../../../Engine/Content/VREditor/TransformGizmo/TranslucentTransformGizmoMaterial.uasset" 688
"../../../Engine/Content/VREditor/TransformGizmo/TranslucentTransformGizmoMaterial.uexp" 689
"../../../Engine/Content/VREditor/LaserPointer/VR_LaserPower_01.uasset" 690
"../../../Engine/Content/VREditor/LaserPointer/VR_LaserPower_01.uexp" 691
"../../../Engine/Content/VREditor/LaserPointer/VR_LaserPower_01.ubulk" 692
"../../../Engine/Content/VREditor/TransformGizmo/TransformGizmoMaterial.uasset" 693
"../../../Engine/Content/VREditor/TransformGizmo/TransformGizmoMaterial.uexp" 694
"../../../Engine/Content/VREditor/TransformGizmo/BoundingBoxCorner.uasset" 695
"../../../Engine/Content/VREditor/TransformGizmo/BoundingBoxCorner.uexp" 696
"../../../Engine/Content/VREditor/TransformGizmo/BoundingBoxEdge.uasset" 697
"../../../Engine/Content/VREditor/TransformGizmo/BoundingBoxEdge.uexp" 698
"../../../Engine/Content/VREditor/TransformGizmo/PlaneTranslationHandle.uasset" 699
"../../../Engine/Content/VREditor/TransformGizmo/PlaneTranslationHandle.uexp" 700
"../../../Engine/Content/VREditor/TransformGizmo/Xray.uasset" 701
"../../../Engine/Content/VREditor/TransformGizmo/Xray.uexp" 702
"../../../Engine/Content/VREditor/TransformGizmo/Main.uasset" 703
"../../../Engine/Content/VREditor/TransformGizmo/Main.uexp" 704
"../../../Engine/Content/VREditor/TransformGizmo/SM_Sequencer_Key.uasset" 705
"../../../Engine/Content/VREditor/TransformGizmo/SM_Sequencer_Key.uexp" 706
"../../../Engine/Content/VREditor/TransformGizmo/SM_Sequencer_Node.uasset" 707
"../../../Engine/Content/VREditor/TransformGizmo/SM_Sequencer_Node.uexp" 708
"D:/OneDrive/unrealProject/demo_zhongqian/Content/FirstPerson/Textures/FirstPersonCrosshair.uasset" 709
"D:/OneDrive/unrealProject/demo_zhongqian/Content/FirstPerson/Textures/FirstPersonCrosshair.uexp" 710
"../../../Engine/Plugins/2D/Paper2D/Content/PlaceholderTextures/DummySpriteTexture.uasset" 711
"../../../Engine/Plugins/2D/Paper2D/Content/PlaceholderTextures/DummySpriteTexture.uexp" 712
"../../../Engine/Plugins/2D/Paper2D/Content/PlaceholderTextures/DummySpriteTexture.ubulk" 713
"../../../Engine/Plugins/2D/Paper2D/Content/DummySprite.uasset" 714
"../../../Engine/Plugins/2D/Paper2D/Content/DummySprite.uexp" 715
"../../../Engine/Plugins/2D/Paper2D/Content/DefaultPaperTerrainMaterial.uasset" 716
"../../../Engine/Plugins/2D/Paper2D/Content/DefaultPaperTerrainMaterial.uexp" 717
"../../../Engine/Plugins/2D/Paper2D/Content/DefaultSpriteMaterial.uasset" 718
"../../../Engine/Plugins/2D/Paper2D/Content/DefaultSpriteMaterial.uexp" 719
"../../../Engine/Plugins/2D/Paper2D/Content/MaskedUnlitSpriteMaterial.uasset" 720
"../../../Engine/Plugins/2D/Paper2D/Content/MaskedUnlitSpriteMaterial.uexp" 721
"../../../Engine/Plugins/2D/Paper2D/Content/OpaqueUnlitSpriteMaterial.uasset" 722
"../../../Engine/Plugins/2D/Paper2D/Content/OpaqueUnlitSpriteMaterial.uexp" 723
"../../../Engine/Plugins/FX/Niagara/Content/Enums/ENiagaraRandomnessMode.uasset" 724
"../../../Engine/Plugins/FX/Niagara/Content/Enums/ENiagaraRandomnessMode.uexp" 725
"../../../Engine/Plugins/FX/Niagara/Content/Icons/S_ParticleSystem.uasset" 726
"../../../Engine/Plugins/FX/Niagara/Content/Icons/S_ParticleSystem.uexp" 727
"../../../Engine/Plugins/FX/Niagara/Content/Icons/S_ParticleSystem.ubulk" 728
"../../../Engine/Plugins/Editor/SpeedTreeImporter/Content/SpeedTree9/UnpackInteger3.uasset" 729
"../../../Engine/Plugins/Editor/SpeedTreeImporter/Content/SpeedTree9/UnpackInteger3.uexp" 730
"../../../Engine/Plugins/Editor/SpeedTreeImporter/Content/SpeedTree9/UnpackDirection.uasset" 731
"../../../Engine/Plugins/Editor/SpeedTreeImporter/Content/SpeedTree9/UnpackDirection.uexp" 732
"../../../Engine/Plugins/Editor/SpeedTreeImporter/Content/SpeedTree9/game_wind_noise.uasset" 733
"../../../Engine/Plugins/Editor/SpeedTreeImporter/Content/SpeedTree9/game_wind_noise.uexp" 734
"../../../Engine/Plugins/Editor/SpeedTreeImporter/Content/SpeedTree9/game_wind_noise.ubulk" 735
"../../../Engine/Content/Functions/Engine_MaterialFunctions02/SafeNormalize.uasset" 736
"../../../Engine/Content/Functions/Engine_MaterialFunctions02/SafeNormalize.uexp" 737
"../../../Engine/Plugins/Editor/SpeedTreeImporter/Content/SpeedTree9/SpeedTreeWindMotion.uasset" 738
"../../../Engine/Plugins/Editor/SpeedTreeImporter/Content/SpeedTree9/SpeedTreeWindMotion.uexp" 739
"../../../Engine/Plugins/Editor/SpeedTreeImporter/Content/SpeedTree9/SpeedTreeBranchMotion.uasset" 740
"../../../Engine/Plugins/Editor/SpeedTreeImporter/Content/SpeedTree9/SpeedTreeBranchMotion.uexp" 741
"../../../Engine/Content/Functions/Engine_MaterialFunctions02/ObjectLocalBounds.uasset" 742
"../../../Engine/Content/Functions/Engine_MaterialFunctions02/ObjectLocalBounds.uexp" 743
"../../../Engine/Content/Functions/Engine_MaterialFunctions02/UVs/BoundingBoxBased_0-1_UVW.uasset" 744
"../../../Engine/Content/Functions/Engine_MaterialFunctions02/UVs/BoundingBoxBased_0-1_UVW.uexp" 745
"../../../Engine/Content/Functions/Engine_MaterialFunctions02/WorldPositionOffset/ObjectScale.uasset" 746
"../../../Engine/Content/Functions/Engine_MaterialFunctions02/WorldPositionOffset/ObjectScale.uexp" 747
"../../../Engine/Plugins/Editor/SpeedTreeImporter/Content/SpeedTree9/SpeedTreeWind.uasset" 748
"../../../Engine/Plugins/Editor/SpeedTreeImporter/Content/SpeedTree9/SpeedTreeWind.uexp" 749
"../../../Engine/Plugins/Editor/SpeedTreeImporter/Content/SpeedTree9/SpeedTreeBillboard.uasset" 750
"../../../Engine/Plugins/Editor/SpeedTreeImporter/Content/SpeedTree9/SpeedTreeBillboard.uexp" 751
"../../../Engine/Plugins/Editor/SpeedTreeImporter/Content/SpeedTree9/EmptyNormal.uasset" 752
"../../../Engine/Plugins/Editor/SpeedTreeImporter/Content/SpeedTree9/EmptyNormal.uexp" 753
"../../../Engine/Plugins/Editor/SpeedTreeImporter/Content/SpeedTree9/Empty.uasset" 754
"../../../Engine/Plugins/Editor/SpeedTreeImporter/Content/SpeedTree9/Empty.uexp" 755
"../../../Engine/Plugins/Editor/SpeedTreeImporter/Content/SpeedTree9/SpeedTreeBillboardMaster.uasset" 756
"../../../Engine/Plugins/Editor/SpeedTreeImporter/Content/SpeedTree9/SpeedTreeBillboardMaster.uexp" 757
"../../../Engine/Plugins/Editor/SpeedTreeImporter/Content/SpeedTree9/SpeedTreeCameraFacing.uasset" 758
"../../../Engine/Plugins/Editor/SpeedTreeImporter/Content/SpeedTree9/SpeedTreeCameraFacing.uexp" 759
"../../../Engine/Plugins/Editor/SpeedTreeImporter/Content/SpeedTree9/SpeedTreeMaster.uasset" 760
"../../../Engine/Plugins/Editor/SpeedTreeImporter/Content/SpeedTree9/SpeedTreeMaster.uexp" 761
"../../../Engine/Content/BasicShapes/Cylinder.uasset" 762
"../../../Engine/Content/BasicShapes/Cylinder.uexp" 763
"../../../Engine/Content/ArtTools/RenderToTexture/Materials/Debug/M_Emissive_Color.uasset" 764
"../../../Engine/Content/ArtTools/RenderToTexture/Materials/Debug/M_Emissive_Color.uexp" 765
"../../../Engine/Plugins/Runtime/OpenXR/Content/Devices/GoogleDaydream/MRTexture.uasset" 766
"../../../Engine/Plugins/Runtime/OpenXR/Content/Devices/GoogleDaydream/MRTexture.uexp" 767
"../../../Engine/Plugins/Runtime/OpenXR/Content/Devices/GoogleDaydream/MRTexture.ubulk" 768
"../../../Engine/Plugins/Runtime/OpenXR/Content/Devices/GoogleDaydream/BaseTexture.uasset" 769
"../../../Engine/Plugins/Runtime/OpenXR/Content/Devices/GoogleDaydream/BaseTexture.uexp" 770
"../../../Engine/Plugins/Runtime/OpenXR/Content/Devices/GoogleDaydream/BaseTexture.ubulk" 771
"../../../Engine/Content/EngineResources/Black.uasset" 772
"../../../Engine/Content/EngineResources/Black.uexp" 773
"../../../Engine/Plugins/Runtime/OpenXR/Content/Devices/M_XRController.uasset" 774
"../../../Engine/Plugins/Runtime/OpenXR/Content/Devices/M_XRController.uexp" 775
"../../../Engine/Plugins/Runtime/OpenXR/Content/Devices/GoogleDaydream/MI_GoogleDaydream.uasset" 776
"../../../Engine/Plugins/Runtime/OpenXR/Content/Devices/GoogleDaydream/MI_GoogleDaydream.uexp" 777
"../../../Engine/Plugins/Runtime/OpenXR/Content/Devices/GoogleDaydream/GoogleDaydreamController.uasset" 778
"../../../Engine/Plugins/Runtime/OpenXR/Content/Devices/GoogleDaydream/GoogleDaydreamController.uexp" 779
"../../../Engine/Plugins/Runtime/OpenXR/Content/Devices/HTCVive/BaseTexture.uasset" 780
"../../../Engine/Plugins/Runtime/OpenXR/Content/Devices/HTCVive/BaseTexture.uexp" 781
"../../../Engine/Plugins/Runtime/OpenXR/Content/Devices/HTCVive/BaseTexture.ubulk" 782
"../../../Engine/Plugins/Runtime/OpenXR/Content/Devices/HTCVive/MI_HTCVive.uasset" 783
"../../../Engine/Plugins/Runtime/OpenXR/Content/Devices/HTCVive/MI_HTCVive.uexp" 784
"../../../Engine/Plugins/Runtime/OpenXR/Content/Devices/HTCVive/HTCViveController.uasset" 785
"../../../Engine/Plugins/Runtime/OpenXR/Content/Devices/HTCVive/HTCViveController.uexp" 786
"../../../Engine/Plugins/Runtime/OpenXR/Content/Devices/MicrosoftMixedReality/NormalTexture.uasset" 787
"../../../Engine/Plugins/Runtime/OpenXR/Content/Devices/MicrosoftMixedReality/NormalTexture.uexp" 788
"../../../Engine/Plugins/Runtime/OpenXR/Content/Devices/MicrosoftMixedReality/NormalTexture.ubulk" 789
"../../../Engine/Plugins/Runtime/OpenXR/Content/Devices/MicrosoftMixedReality/MRTexture.uasset" 790
"../../../Engine/Plugins/Runtime/OpenXR/Content/Devices/MicrosoftMixedReality/MRTexture.uexp" 791
"../../../Engine/Plugins/Runtime/OpenXR/Content/Devices/MicrosoftMixedReality/MRTexture.ubulk" 792
"../../../Engine/Plugins/Runtime/OpenXR/Content/Devices/MicrosoftMixedReality/EmissiveTexture.uasset" 793
"../../../Engine/Plugins/Runtime/OpenXR/Content/Devices/MicrosoftMixedReality/EmissiveTexture.uexp" 794
"../../../Engine/Plugins/Runtime/OpenXR/Content/Devices/MicrosoftMixedReality/EmissiveTexture.ubulk" 795
"../../../Engine/Plugins/Runtime/OpenXR/Content/Devices/MicrosoftMixedReality/BaseTexture.uasset" 796
"../../../Engine/Plugins/Runtime/OpenXR/Content/Devices/MicrosoftMixedReality/BaseTexture.uexp" 797
"../../../Engine/Plugins/Runtime/OpenXR/Content/Devices/MicrosoftMixedReality/BaseTexture.ubulk" 798
"../../../Engine/Plugins/Runtime/OpenXR/Content/Devices/MicrosoftMixedReality/MI_MicrosoftMixedReality.uasset" 799
"../../../Engine/Plugins/Runtime/OpenXR/Content/Devices/MicrosoftMixedReality/MI_MicrosoftMixedReality.uexp" 800
"../../../Engine/Plugins/Runtime/OpenXR/Content/Devices/MicrosoftMixedReality/Left/left_MicrosoftMixedRealityController.uasset" 801
"../../../Engine/Plugins/Runtime/OpenXR/Content/Devices/MicrosoftMixedReality/Left/left_MicrosoftMixedRealityController.uexp" 802
"../../../Engine/Plugins/Runtime/OpenXR/Content/Devices/MicrosoftMixedReality/Right/right_MicrosoftMixedRealityController.uasset" 803
"../../../Engine/Plugins/Runtime/OpenXR/Content/Devices/MicrosoftMixedReality/Right/right_MicrosoftMixedRealityController.uexp" 804
"../../../Engine/Plugins/Runtime/OpenXR/Content/Devices/OculusGo/BaseTexture.uasset" 805
"../../../Engine/Plugins/Runtime/OpenXR/Content/Devices/OculusGo/BaseTexture.uexp" 806
"../../../Engine/Plugins/Runtime/OpenXR/Content/Devices/OculusGo/BaseTexture.ubulk" 807
"../../../Engine/Plugins/Runtime/OpenXR/Content/Devices/OculusGo/MI_OculusGo.uasset" 808
"../../../Engine/Plugins/Runtime/OpenXR/Content/Devices/OculusGo/MI_OculusGo.uexp" 809
"../../../Engine/Plugins/Runtime/OpenXR/Content/Devices/OculusGo/OculusGoController.uasset" 810
"../../../Engine/Plugins/Runtime/OpenXR/Content/Devices/OculusGo/OculusGoController.uexp" 811
"../../../Engine/Plugins/Runtime/OpenXR/Content/Devices/OculusTouch/MRTexture.uasset" 812
"../../../Engine/Plugins/Runtime/OpenXR/Content/Devices/OculusTouch/MRTexture.uexp" 813
"../../../Engine/Plugins/Runtime/OpenXR/Content/Devices/OculusTouch/MRTexture.ubulk" 814
"../../../Engine/Plugins/Runtime/OpenXR/Content/Devices/OculusTouch/BaseTexture.uasset" 815
"../../../Engine/Plugins/Runtime/OpenXR/Content/Devices/OculusTouch/BaseTexture.uexp" 816
"../../../Engine/Plugins/Runtime/OpenXR/Content/Devices/OculusTouch/BaseTexture.ubulk" 817
"../../../Engine/Plugins/Runtime/OpenXR/Content/Devices/OculusTouch/MI_OculusTouch.uasset" 818
"../../../Engine/Plugins/Runtime/OpenXR/Content/Devices/OculusTouch/MI_OculusTouch.uexp" 819
"../../../Engine/Plugins/Runtime/OpenXR/Content/Devices/OculusTouch/Left/left_OculusTouchController.uasset" 820
"../../../Engine/Plugins/Runtime/OpenXR/Content/Devices/OculusTouch/Left/left_OculusTouchController.uexp" 821
"../../../Engine/Plugins/Runtime/OpenXR/Content/Devices/OculusTouch/Right/right_OculusTouchController.uasset" 822
"../../../Engine/Plugins/Runtime/OpenXR/Content/Devices/OculusTouch/Right/right_OculusTouchController.uexp" 823
"../../../Engine/Plugins/Runtime/OpenXR/Content/Devices/OculusTouch_v2/MRTexture.uasset" 824
"../../../Engine/Plugins/Runtime/OpenXR/Content/Devices/OculusTouch_v2/MRTexture.uexp" 825
"../../../Engine/Plugins/Runtime/OpenXR/Content/Devices/OculusTouch_v2/MRTexture.ubulk" 826
"../../../Engine/Plugins/Runtime/OpenXR/Content/Devices/OculusTouch_v2/BaseTexture.uasset" 827
"../../../Engine/Plugins/Runtime/OpenXR/Content/Devices/OculusTouch_v2/BaseTexture.uexp" 828
"../../../Engine/Plugins/Runtime/OpenXR/Content/Devices/OculusTouch_v2/BaseTexture.ubulk" 829
"../../../Engine/Plugins/Runtime/OpenXR/Content/Devices/OculusTouch_v2/MI_OculusTouch_v2.uasset" 830
"../../../Engine/Plugins/Runtime/OpenXR/Content/Devices/OculusTouch_v2/MI_OculusTouch_v2.uexp" 831
"../../../Engine/Plugins/Runtime/OpenXR/Content/Devices/OculusTouch_v2/Left/left_OculusTouch_v2Controller.uasset" 832
"../../../Engine/Plugins/Runtime/OpenXR/Content/Devices/OculusTouch_v2/Left/left_OculusTouch_v2Controller.uexp" 833
"../../../Engine/Plugins/Runtime/OpenXR/Content/Devices/OculusTouch_v2/Right/right_OculusTouch_v2Controller.uasset" 834
"../../../Engine/Plugins/Runtime/OpenXR/Content/Devices/OculusTouch_v2/Right/right_OculusTouch_v2Controller.uexp" 835
"../../../Engine/Plugins/Runtime/OpenXR/Content/Devices/OculusTouch_v3/MRTexture.uasset" 836
"../../../Engine/Plugins/Runtime/OpenXR/Content/Devices/OculusTouch_v3/MRTexture.uexp" 837
"../../../Engine/Plugins/Runtime/OpenXR/Content/Devices/OculusTouch_v3/MRTexture.ubulk" 838
"../../../Engine/Plugins/Runtime/OpenXR/Content/Devices/OculusTouch_v3/BaseTexture.uasset" 839
"../../../Engine/Plugins/Runtime/OpenXR/Content/Devices/OculusTouch_v3/BaseTexture.uexp" 840
"../../../Engine/Plugins/Runtime/OpenXR/Content/Devices/OculusTouch_v3/BaseTexture.ubulk" 841
"../../../Engine/Plugins/Runtime/OpenXR/Content/Devices/OculusTouch_v3/MI_OculusTouch_v3.uasset" 842
"../../../Engine/Plugins/Runtime/OpenXR/Content/Devices/OculusTouch_v3/MI_OculusTouch_v3.uexp" 843
"../../../Engine/Plugins/Runtime/OpenXR/Content/Devices/OculusTouch_v3/Left/left_OculusTouch_v3Controller.uasset" 844
"../../../Engine/Plugins/Runtime/OpenXR/Content/Devices/OculusTouch_v3/Left/left_OculusTouch_v3Controller.uexp" 845
"../../../Engine/Plugins/Runtime/OpenXR/Content/Devices/OculusTouch_v3/Right/right_OculusTouch_v3Controller.uasset" 846
"../../../Engine/Plugins/Runtime/OpenXR/Content/Devices/OculusTouch_v3/Right/right_OculusTouch_v3Controller.uexp" 847
"../../../Engine/Plugins/Runtime/OpenXR/Content/Devices/ValveIndex/Left/left_MRTexture.uasset" 848
"../../../Engine/Plugins/Runtime/OpenXR/Content/Devices/ValveIndex/Left/left_MRTexture.uexp" 849
"../../../Engine/Plugins/Runtime/OpenXR/Content/Devices/ValveIndex/Left/left_MRTexture.ubulk" 850
"../../../Engine/Plugins/Runtime/OpenXR/Content/Devices/ValveIndex/Left/left_BaseTexture.uasset" 851
"../../../Engine/Plugins/Runtime/OpenXR/Content/Devices/ValveIndex/Left/left_BaseTexture.uexp" 852
"../../../Engine/Plugins/Runtime/OpenXR/Content/Devices/ValveIndex/Left/left_BaseTexture.ubulk" 853
"../../../Engine/Plugins/Runtime/OpenXR/Content/Devices/ValveIndex/Left/MI_left_ValveIndex.uasset" 854
"../../../Engine/Plugins/Runtime/OpenXR/Content/Devices/ValveIndex/Left/MI_left_ValveIndex.uexp" 855
"../../../Engine/Plugins/Runtime/OpenXR/Content/Devices/ValveIndex/Left/left_ValveIndexController.uasset" 856
"../../../Engine/Plugins/Runtime/OpenXR/Content/Devices/ValveIndex/Left/left_ValveIndexController.uexp" 857
"../../../Engine/Plugins/Runtime/OpenXR/Content/Devices/ValveIndex/Right/right_MRTexture.uasset" 858
"../../../Engine/Plugins/Runtime/OpenXR/Content/Devices/ValveIndex/Right/right_MRTexture.uexp" 859
"../../../Engine/Plugins/Runtime/OpenXR/Content/Devices/ValveIndex/Right/right_MRTexture.ubulk" 860
"../../../Engine/Plugins/Runtime/OpenXR/Content/Devices/ValveIndex/Right/right_BaseTexture.uasset" 861
"../../../Engine/Plugins/Runtime/OpenXR/Content/Devices/ValveIndex/Right/right_BaseTexture.uexp" 862
"../../../Engine/Plugins/Runtime/OpenXR/Content/Devices/ValveIndex/Right/right_BaseTexture.ubulk" 863
"../../../Engine/Plugins/Runtime/OpenXR/Content/Devices/ValveIndex/Right/MI_right_ValveIndex.uasset" 864
"../../../Engine/Plugins/Runtime/OpenXR/Content/Devices/ValveIndex/Right/MI_right_ValveIndex.uexp" 865
"../../../Engine/Plugins/Runtime/OpenXR/Content/Devices/ValveIndex/Right/right_ValveIndexController.uasset" 866
"../../../Engine/Plugins/Runtime/OpenXR/Content/Devices/ValveIndex/Right/right_ValveIndexController.uexp" 867
"../../../Engine/Content/Functions/Engine_MaterialFunctions02/Utility/BreakOutFloat4Components.uasset" 868
"../../../Engine/Content/Functions/Engine_MaterialFunctions02/Utility/BreakOutFloat4Components.uexp" 869
"../../../Engine/Plugins/Runtime/Oculus/OculusVR/Content/Materials/OculusMR_ChromaKey.uasset" 870
"../../../Engine/Plugins/Runtime/Oculus/OculusVR/Content/Materials/OculusMR_ChromaKey.uexp" 871
"../../../Engine/Plugins/Runtime/Oculus/OculusVR/Content/Materials/OculusMR_OpaqueColoredMaterial.uasset" 872
"../../../Engine/Plugins/Runtime/Oculus/OculusVR/Content/Materials/OculusMR_OpaqueColoredMaterial.uexp" 873
"../../../Engine/Plugins/Runtime/Oculus/OculusVR/Content/Materials/PokeAHoleMaterial.uasset" 874
"../../../Engine/Plugins/Runtime/Oculus/OculusVR/Content/Materials/PokeAHoleMaterial.uexp" 875
"../../../Engine/Plugins/Runtime/Oculus/OculusVR/Content/Textures/touchController_controlmap.uasset" 876
"../../../Engine/Plugins/Runtime/Oculus/OculusVR/Content/Textures/touchController_controlmap.uexp" 877
"../../../Engine/Plugins/Runtime/Oculus/OculusVR/Content/Textures/touchController_controlmap.ubulk" 878
"../../../Engine/Plugins/Runtime/Oculus/OculusVR/Content/Textures/touchController_albedo.uasset" 879
"../../../Engine/Plugins/Runtime/Oculus/OculusVR/Content/Textures/touchController_albedo.uexp" 880
"../../../Engine/Plugins/Runtime/Oculus/OculusVR/Content/Textures/touchController_albedo.ubulk" 881
"../../../Engine/Plugins/Runtime/Oculus/OculusVR/Content/Materials/touchController_mat.uasset" 882
"../../../Engine/Plugins/Runtime/Oculus/OculusVR/Content/Materials/touchController_mat.uexp" 883
"../../../Engine/Plugins/Runtime/Oculus/OculusVR/Content/Meshes/LeftTouchController.uasset" 884
"../../../Engine/Plugins/Runtime/Oculus/OculusVR/Content/Meshes/LeftTouchController.uexp" 885
"../../../Engine/Plugins/Runtime/Oculus/OculusVR/Content/Textures/TouchForQuestRiftSController_albedo.uasset" 886
"../../../Engine/Plugins/Runtime/Oculus/OculusVR/Content/Textures/TouchForQuestRiftSController_albedo.uexp" 887
"../../../Engine/Plugins/Runtime/Oculus/OculusVR/Content/Textures/TouchForQuestRiftSController_albedo.ubulk" 888
"../../../Engine/Plugins/Runtime/Oculus/OculusVR/Content/Materials/TouchForQuestRiftSControllerMaterial.uasset" 889
"../../../Engine/Plugins/Runtime/Oculus/OculusVR/Content/Materials/TouchForQuestRiftSControllerMaterial.uexp" 890
"../../../Engine/Plugins/Runtime/Oculus/OculusVR/Content/Meshes/LeftTouchForQuestRiftSController.uasset" 891
"../../../Engine/Plugins/Runtime/Oculus/OculusVR/Content/Meshes/LeftTouchForQuestRiftSController.uexp" 892
"../../../Engine/Plugins/Runtime/Oculus/OculusVR/Content/Meshes/RiftHMD.uasset" 893
"../../../Engine/Plugins/Runtime/Oculus/OculusVR/Content/Meshes/RiftHMD.uexp" 894
"../../../Engine/Plugins/Runtime/Oculus/OculusVR/Content/Meshes/RightTouchController.uasset" 895
"../../../Engine/Plugins/Runtime/Oculus/OculusVR/Content/Meshes/RightTouchController.uexp" 896
"../../../Engine/Plugins/Runtime/Oculus/OculusVR/Content/Meshes/RightTouchForQuestRiftSController.uasset" 897
"../../../Engine/Plugins/Runtime/Oculus/OculusVR/Content/Meshes/RightTouchForQuestRiftSController.uexp" 898
"../../../Engine/Content/Maps/Entry_BuiltData.uasset" 899
"../../../Engine/Content/Maps/Entry_BuiltData.uexp" 900
"../../../Engine/Content/Maps/Entry.uexp" 901
"../../../Engine/Content/Maps/Entry.umap" 902
"D:/OneDrive/unrealProject/demo_zhongqian/Content/Geometry/Meshes/CubeMaterial.uasset" 903
"D:/OneDrive/unrealProject/demo_zhongqian/Content/Geometry/Meshes/CubeMaterial.uexp" 904
"D:/OneDrive/unrealProject/demo_zhongqian/Content/Geometry/Meshes/1M_Cube.uasset" 905
"D:/OneDrive/unrealProject/demo_zhongqian/Content/Geometry/Meshes/1M_Cube.uexp" 906
"D:/OneDrive/unrealProject/demo_zhongqian/Content/FirstPersonCPP/Maps/FirstPersonExampleMap_BuiltData.uasset" 907
"D:/OneDrive/unrealProject/demo_zhongqian/Content/FirstPersonCPP/Maps/FirstPersonExampleMap_BuiltData.uexp" 908
"D:/OneDrive/unrealProject/demo_zhongqian/Content/FirstPersonCPP/Maps/FirstPersonExampleMap_BuiltData.ubulk" 909
"D:/OneDrive/unrealProject/demo_zhongqian/Content/FirstPerson/Character/Mesh/SK_Mannequin_Arms_Skeleton.uasset" 910
"D:/OneDrive/unrealProject/demo_zhongqian/Content/FirstPerson/Character/Mesh/SK_Mannequin_Arms_Skeleton.uexp" 911
"D:/OneDrive/unrealProject/demo_zhongqian/Content/FirstPerson/Animations/FirstPerson_JumpLoop.uasset" 912
"D:/OneDrive/unrealProject/demo_zhongqian/Content/FirstPerson/Animations/FirstPerson_JumpLoop.uexp" 913
"D:/OneDrive/unrealProject/demo_zhongqian/Content/FirstPerson/Animations/FirstPerson_JumpEnd.uasset" 914
"D:/OneDrive/unrealProject/demo_zhongqian/Content/FirstPerson/Animations/FirstPerson_JumpEnd.uexp" 915
"D:/OneDrive/unrealProject/demo_zhongqian/Content/FirstPerson/Animations/FirstPerson_Idle.uasset" 916
"D:/OneDrive/unrealProject/demo_zhongqian/Content/FirstPerson/Animations/FirstPerson_Idle.uexp" 917
"D:/OneDrive/unrealProject/demo_zhongqian/Content/FirstPerson/Animations/FirstPerson_Run.uasset" 918
"D:/OneDrive/unrealProject/demo_zhongqian/Content/FirstPerson/Animations/FirstPerson_Run.uexp" 919
"D:/OneDrive/unrealProject/demo_zhongqian/Content/FirstPerson/Animations/FirstPerson_JumpStart.uasset" 920
"D:/OneDrive/unrealProject/demo_zhongqian/Content/FirstPerson/Animations/FirstPerson_JumpStart.uexp" 921
"../../../Engine/Content/EditorBlueprintResources/StandardMacros.uasset" 922
"../../../Engine/Content/EditorBlueprintResources/StandardMacros.uexp" 923
"D:/OneDrive/unrealProject/demo_zhongqian/Content/FirstPerson/Animations/FirstPerson_AnimBP.uasset" 924
"D:/OneDrive/unrealProject/demo_zhongqian/Content/FirstPerson/Animations/FirstPerson_AnimBP.uexp" 925
"D:/OneDrive/unrealProject/demo_zhongqian/Content/FirstPerson/Animations/FirstPerson_Fire.uasset" 926
"D:/OneDrive/unrealProject/demo_zhongqian/Content/FirstPerson/Animations/FirstPerson_Fire.uexp" 927
"D:/OneDrive/unrealProject/demo_zhongqian/Content/FirstPerson/Animations/FirstPersonFire_Montage.uasset" 928
"D:/OneDrive/unrealProject/demo_zhongqian/Content/FirstPerson/Animations/FirstPersonFire_Montage.uexp" 929
"D:/OneDrive/unrealProject/demo_zhongqian/Content/FPWeapon/Mesh/SK_FPGun_Skeleton.uasset" 930
"D:/OneDrive/unrealProject/demo_zhongqian/Content/FPWeapon/Mesh/SK_FPGun_Skeleton.uexp" 931
"D:/OneDrive/unrealProject/demo_zhongqian/Content/FPWeapon/Mesh/SK_FPGun_PhysicsAsset.uasset" 932
"D:/OneDrive/unrealProject/demo_zhongqian/Content/FPWeapon/Mesh/SK_FPGun_PhysicsAsset.uexp" 933
"D:/OneDrive/unrealProject/demo_zhongqian/Content/FPWeapon/Textures/T_FPGun_N.uasset" 934
"D:/OneDrive/unrealProject/demo_zhongqian/Content/FPWeapon/Textures/T_FPGun_N.uexp" 935
"D:/OneDrive/unrealProject/demo_zhongqian/Content/FPWeapon/Textures/T_FPGun_N.ubulk" 936
"D:/OneDrive/unrealProject/demo_zhongqian/Content/FPWeapon/Textures/T_FPGun_M.uasset" 937
"D:/OneDrive/unrealProject/demo_zhongqian/Content/FPWeapon/Textures/T_FPGun_M.uexp" 938
"D:/OneDrive/unrealProject/demo_zhongqian/Content/FPWeapon/Textures/T_FPGun_M.ubulk" 939
"D:/OneDrive/unrealProject/demo_zhongqian/Content/FPWeapon/Materials/MaterialLayers/T_ML_Rubber_Blue_01_N.uasset" 940
"D:/OneDrive/unrealProject/demo_zhongqian/Content/FPWeapon/Materials/MaterialLayers/T_ML_Rubber_Blue_01_N.uexp" 941
"D:/OneDrive/unrealProject/demo_zhongqian/Content/FPWeapon/Materials/MaterialLayers/T_ML_Rubber_Blue_01_N.ubulk" 942
"D:/OneDrive/unrealProject/demo_zhongqian/Content/FPWeapon/Materials/MaterialLayers/T_ML_Rubber_Blue_01_D.uasset" 943
"D:/OneDrive/unrealProject/demo_zhongqian/Content/FPWeapon/Materials/MaterialLayers/T_ML_Rubber_Blue_01_D.uexp" 944
"D:/OneDrive/unrealProject/demo_zhongqian/Content/FPWeapon/Materials/MaterialLayers/T_ML_Rubber_Blue_01_D.ubulk" 945
"D:/OneDrive/unrealProject/demo_zhongqian/Content/FPWeapon/Materials/MaterialLayers/T_ML_Aluminum01_N.uasset" 946
"D:/OneDrive/unrealProject/demo_zhongqian/Content/FPWeapon/Materials/MaterialLayers/T_ML_Aluminum01_N.uexp" 947
"D:/OneDrive/unrealProject/demo_zhongqian/Content/FPWeapon/Materials/MaterialLayers/T_ML_Aluminum01_N.ubulk" 948
"D:/OneDrive/unrealProject/demo_zhongqian/Content/FPWeapon/Materials/MaterialLayers/T_ML_Aluminum01.uasset" 949
"D:/OneDrive/unrealProject/demo_zhongqian/Content/FPWeapon/Materials/MaterialLayers/T_ML_Aluminum01.uexp" 950
"D:/OneDrive/unrealProject/demo_zhongqian/Content/FPWeapon/Materials/MaterialLayers/T_ML_Aluminum01.ubulk" 951
"D:/OneDrive/unrealProject/demo_zhongqian/Content/FPWeapon/Materials/MaterialLayers/ML_SoftMetal_UE4.uasset" 952
"D:/OneDrive/unrealProject/demo_zhongqian/Content/FPWeapon/Materials/MaterialLayers/ML_SoftMetal_UE4.uexp" 953
"D:/OneDrive/unrealProject/demo_zhongqian/Content/FPWeapon/Materials/MaterialLayers/ML_Screen.uasset" 954
"D:/OneDrive/unrealProject/demo_zhongqian/Content/FPWeapon/Materials/MaterialLayers/ML_Screen.uexp" 955
"D:/OneDrive/unrealProject/demo_zhongqian/Content/FPWeapon/Materials/MaterialLayers/ML_Plastic_Shiny_Beige.uasset" 956
"D:/OneDrive/unrealProject/demo_zhongqian/Content/FPWeapon/Materials/MaterialLayers/ML_Plastic_Shiny_Beige.uexp" 957
"D:/OneDrive/unrealProject/demo_zhongqian/Content/FPWeapon/Materials/MaterialLayers/ML_GlossyBlack_Latex_UE4.uasset" 958
"D:/OneDrive/unrealProject/demo_zhongqian/Content/FPWeapon/Materials/MaterialLayers/ML_GlossyBlack_Latex_UE4.uexp" 959
"../../../Engine/Content/Functions/MaterialLayerFunctions/MatLayerBlend_Simple.uasset" 960
"../../../Engine/Content/Functions/MaterialLayerFunctions/MatLayerBlend_Simple.uexp" 961
"../../../Engine/Content/Functions/Engine_MaterialFunctions02/Utility/BlendAngleCorrectedNormals.uasset" 962
"../../../Engine/Content/Functions/Engine_MaterialFunctions02/Utility/BlendAngleCorrectedNormals.uexp" 963
"../../../Engine/Content/Functions/MaterialLayerFunctions/MatLayerBlend_NormalBlend.uasset" 964
"../../../Engine/Content/Functions/MaterialLayerFunctions/MatLayerBlend_NormalBlend.uexp" 965
"D:/OneDrive/unrealProject/demo_zhongqian/Content/FPWeapon/Materials/M_FPGun.uasset" 966
"D:/OneDrive/unrealProject/demo_zhongqian/Content/FPWeapon/Materials/M_FPGun.uexp" 967
"D:/OneDrive/unrealProject/demo_zhongqian/Content/FPWeapon/Mesh/SK_FPGun.uasset" 968
"D:/OneDrive/unrealProject/demo_zhongqian/Content/FPWeapon/Mesh/SK_FPGun.uexp" 969
"D:/OneDrive/unrealProject/demo_zhongqian/Content/FirstPerson/Meshes/BaseMaterial.uasset" 970
"D:/OneDrive/unrealProject/demo_zhongqian/Content/FirstPerson/Meshes/BaseMaterial.uexp" 971
"D:/OneDrive/unrealProject/demo_zhongqian/Content/FirstPerson/Meshes/FirstPersonProjectileMaterial.uasset" 972
"D:/OneDrive/unrealProject/demo_zhongqian/Content/FirstPerson/Meshes/FirstPersonProjectileMaterial.uexp" 973
"D:/OneDrive/unrealProject/demo_zhongqian/Content/FirstPerson/Meshes/FirstPersonProjectileMesh.uasset" 974
"D:/OneDrive/unrealProject/demo_zhongqian/Content/FirstPerson/Meshes/FirstPersonProjectileMesh.uexp" 975
"D:/OneDrive/unrealProject/demo_zhongqian/Content/FirstPersonCPP/Blueprints/FirstPersonProjectile.uasset" 976
"D:/OneDrive/unrealProject/demo_zhongqian/Content/FirstPersonCPP/Blueprints/FirstPersonProjectile.uexp" 977
"D:/OneDrive/unrealProject/demo_zhongqian/Content/FirstPerson/Character/Mesh/SK_Mannequin_Arms_PhysicsAsset.uasset" 978
"D:/OneDrive/unrealProject/demo_zhongqian/Content/FirstPerson/Character/Mesh/SK_Mannequin_Arms_PhysicsAsset.uexp" 979
"D:/OneDrive/unrealProject/demo_zhongqian/Content/FirstPerson/Character/Textures/UE4_Mannequin_MAT_MASKA.uasset" 980
"D:/OneDrive/unrealProject/demo_zhongqian/Content/FirstPerson/Character/Textures/UE4_Mannequin_MAT_MASKA.uexp" 981
"D:/OneDrive/unrealProject/demo_zhongqian/Content/FirstPerson/Character/Textures/UE4_Mannequin_MAT_MASKA.ubulk" 982
"D:/OneDrive/unrealProject/demo_zhongqian/Content/FirstPerson/Character/Textures/UE4_Mannequin__normals.uasset" 983
"D:/OneDrive/unrealProject/demo_zhongqian/Content/FirstPerson/Character/Textures/UE4_Mannequin__normals.uexp" 984
"D:/OneDrive/unrealProject/demo_zhongqian/Content/FirstPerson/Character/Textures/UE4_Mannequin__normals.ubulk" 985
"D:/OneDrive/unrealProject/demo_zhongqian/Content/FirstPerson/Character/Materials/MaterialLayers/T_ML_Aluminum01_N.uasset" 986
"D:/OneDrive/unrealProject/demo_zhongqian/Content/FirstPerson/Character/Materials/MaterialLayers/T_ML_Aluminum01_N.uexp" 987
"D:/OneDrive/unrealProject/demo_zhongqian/Content/FirstPerson/Character/Materials/MaterialLayers/T_ML_Aluminum01_N.ubulk" 988
"D:/OneDrive/unrealProject/demo_zhongqian/Content/FirstPerson/Character/Materials/MaterialLayers/T_ML_Aluminum01.uasset" 989
"D:/OneDrive/unrealProject/demo_zhongqian/Content/FirstPerson/Character/Materials/MaterialLayers/T_ML_Aluminum01.uexp" 990
"D:/OneDrive/unrealProject/demo_zhongqian/Content/FirstPerson/Character/Materials/MaterialLayers/T_ML_Aluminum01.ubulk" 991
"D:/OneDrive/unrealProject/demo_zhongqian/Content/FirstPerson/Character/Materials/MaterialLayers/ML_SoftMetal_UE4.uasset" 992
"D:/OneDrive/unrealProject/demo_zhongqian/Content/FirstPerson/Character/Materials/MaterialLayers/ML_SoftMetal_UE4.uexp" 993
"D:/OneDrive/unrealProject/demo_zhongqian/Content/FirstPerson/Character/Textures/UE4_LOGO_CARD.uasset" 994
"D:/OneDrive/unrealProject/demo_zhongqian/Content/FirstPerson/Character/Textures/UE4_LOGO_CARD.uexp" 995
"D:/OneDrive/unrealProject/demo_zhongqian/Content/FirstPerson/Character/Textures/UE4_LOGO_CARD.ubulk" 996
"D:/OneDrive/unrealProject/demo_zhongqian/Content/FirstPerson/Character/Materials/MaterialLayers/ML_Plastic_Shiny_Beige_LOGO.uasset" 997
"D:/OneDrive/unrealProject/demo_zhongqian/Content/FirstPerson/Character/Materials/MaterialLayers/ML_Plastic_Shiny_Beige_LOGO.uexp" 998
"D:/OneDrive/unrealProject/demo_zhongqian/Content/FirstPerson/Character/Materials/MaterialLayers/ML_Plastic_Shiny_Beige.uasset" 999
"D:/OneDrive/unrealProject/demo_zhongqian/Content/FirstPerson/Character/Materials/MaterialLayers/ML_Plastic_Shiny_Beige.uexp" 1000
"D:/OneDrive/unrealProject/demo_zhongqian/Content/FirstPerson/Character/Materials/MaterialLayers/T_ML_Rubber_Blue_01_N.uasset" 1001
"D:/OneDrive/unrealProject/demo_zhongqian/Content/FirstPerson/Character/Materials/MaterialLayers/T_ML_Rubber_Blue_01_N.uexp" 1002
"D:/OneDrive/unrealProject/demo_zhongqian/Content/FirstPerson/Character/Materials/MaterialLayers/T_ML_Rubber_Blue_01_N.ubulk" 1003
"D:/OneDrive/unrealProject/demo_zhongqian/Content/FirstPerson/Character/Materials/MaterialLayers/T_ML_Rubber_Blue_01_D.uasset" 1004
"D:/OneDrive/unrealProject/demo_zhongqian/Content/FirstPerson/Character/Materials/MaterialLayers/T_ML_Rubber_Blue_01_D.uexp" 1005
"D:/OneDrive/unrealProject/demo_zhongqian/Content/FirstPerson/Character/Materials/MaterialLayers/T_ML_Rubber_Blue_01_D.ubulk" 1006
"D:/OneDrive/unrealProject/demo_zhongqian/Content/FirstPerson/Character/Materials/MaterialLayers/ML_GlossyBlack_Latex_UE4.uasset" 1007
"D:/OneDrive/unrealProject/demo_zhongqian/Content/FirstPerson/Character/Materials/MaterialLayers/ML_GlossyBlack_Latex_UE4.uexp" 1008
"D:/OneDrive/unrealProject/demo_zhongqian/Content/FirstPerson/Character/Materials/M_UE4Man_Body.uasset" 1009
"D:/OneDrive/unrealProject/demo_zhongqian/Content/FirstPerson/Character/Materials/M_UE4Man_Body.uexp" 1010
"D:/OneDrive/unrealProject/demo_zhongqian/Content/FirstPerson/Character/Mesh/SK_Mannequin_Arms.uasset" 1011
"D:/OneDrive/unrealProject/demo_zhongqian/Content/FirstPerson/Character/Mesh/SK_Mannequin_Arms.uexp" 1012
"D:/OneDrive/unrealProject/demo_zhongqian/Content/FirstPerson/Audio/FirstPersonTemplateWeaponFire02.uasset" 1013
"D:/OneDrive/unrealProject/demo_zhongqian/Content/FirstPerson/Audio/FirstPersonTemplateWeaponFire02.uexp" 1014
"D:/OneDrive/unrealProject/demo_zhongqian/Content/FirstPersonCPP/Blueprints/FirstPersonCharacter.uasset" 1015
"D:/OneDrive/unrealProject/demo_zhongqian/Content/FirstPersonCPP/Blueprints/FirstPersonCharacter.uexp" 1016
"D:/OneDrive/unrealProject/demo_zhongqian/Content/FirstPerson/Meshes/CubeMaterialOverride.uasset" 1017
"D:/OneDrive/unrealProject/demo_zhongqian/Content/FirstPerson/Meshes/CubeMaterialOverride.uexp" 1018
"../../../Engine/Content/EngineSky/T_Sky_Stars.uasset" 1019
"../../../Engine/Content/EngineSky/T_Sky_Stars.uexp" 1020
"../../../Engine/Content/EngineSky/T_Sky_Stars.ubulk" 1021
"../../../Engine/Content/EngineSky/T_Sky_Clouds_M.uasset" 1022
"../../../Engine/Content/EngineSky/T_Sky_Clouds_M.uexp" 1023
"../../../Engine/Content/EngineSky/T_Sky_Clouds_M.ubulk" 1024
"../../../Engine/Content/EngineSky/T_Sky_Blue.uasset" 1025
"../../../Engine/Content/EngineSky/T_Sky_Blue.uexp" 1026
"../../../Engine/Content/EngineSky/T_Sky_Blue.ubulk" 1027
"../../../Engine/Content/EngineSky/M_Sky_Panning_Clouds2.uasset" 1028
"../../../Engine/Content/EngineSky/M_Sky_Panning_Clouds2.uexp" 1029
"../../../Engine/Content/EngineSky/SM_SkySphere.uasset" 1030
"../../../Engine/Content/EngineSky/SM_SkySphere.uexp" 1031
"../../../Engine/Content/EngineSky/C_Sky_Zenith_Color.uasset" 1032
"../../../Engine/Content/EngineSky/C_Sky_Zenith_Color.uexp" 1033
"../../../Engine/Content/EngineSky/C_Sky_Horizon_Color.uasset" 1034
"../../../Engine/Content/EngineSky/C_Sky_Horizon_Color.uexp" 1035
"../../../Engine/Content/EngineSky/C_Sky_Cloud_Color.uasset" 1036
"../../../Engine/Content/EngineSky/C_Sky_Cloud_Color.uexp" 1037
"../../../Engine/Content/EngineSky/BP_Sky_Sphere.uasset" 1038
"../../../Engine/Content/EngineSky/BP_Sky_Sphere.uexp" 1039
"../../../Engine/Content/EngineMaterials/AntiAliasedTextMaterialTranslucent.uasset" 1040
"../../../Engine/Content/EngineMaterials/AntiAliasedTextMaterialTranslucent.uexp" 1041
"D:/OneDrive/unrealProject/demo_zhongqian/Content/FirstPersonCPP/Maps/FirstPersonExampleMap.uexp" 1042
"D:/OneDrive/unrealProject/demo_zhongqian/Content/FirstPersonCPP/Maps/FirstPersonExampleMap.umap" 1043
